Log file open, 11/08/16 00:45:03
LogInit:Display: Running engine for game: Boredom_Warrior
LogPlatformFile: Not using cached read wrapper
LogInit:Display: RandInit(1069579384) SRandInit(1069579384).
LogTaskGraph: Started task graph with 5 named threads and 8 total threads with 1 sets of task threads.
LogStats: Stats thread started at 0.069447
LogPluginManager: Loaded Plugin Paper2D, From C:/Program Files (x86)/Epic Games/4.13/Engine/Plugins/2D/Paper2D/Paper2D.uplugin
LogPluginManager: Loaded Plugin LightPropagationVolume, From C:/Program Files (x86)/Epic Games/4.13/Engine/Plugins/Blendables/LightPropagationVolume/LightPropagationVolume.uplugin
LogPluginManager: Loaded Plugin BlankPlugin, From C:/Program Files (x86)/Epic Games/4.13/Engine/Plugins/Developer/BlankPlugin/BlankPlugin.uplugin
LogPluginManager: Loaded Plugin CodeLiteSourceCodeAccess, From C:/Program Files (x86)/Epic Games/4.13/Engine/Plugins/Developer/CodeLiteSourceCodeAccess/CodeLiteSourceCodeAccess.uplugin
LogPluginManager: Loaded Plugin GitSourceControl, From C:/Program Files (x86)/Epic Games/4.13/Engine/Plugins/Developer/GitSourceControl/GitSourceControl.uplugin
LogPluginManager: Loaded Plugin KDevelopSourceCodeAccess, From C:/Program Files (x86)/Epic Games/4.13/Engine/Plugins/Developer/KDevelopSourceCodeAccess/KDevelopSourceCodeAccess.uplugin
LogPluginManager: Loaded Plugin NullSourceCodeAccess, From C:/Program Files (x86)/Epic Games/4.13/Engine/Plugins/Developer/NullSourceCodeAccess/NullSourceCodeAccess.uplugin
LogPluginManager: Loaded Plugin OneSkyLocalizationService, From C:/Program Files (x86)/Epic Games/4.13/Engine/Plugins/Developer/OneSkyLocalizationService/OneSkyLocalizationService.uplugin
LogPluginManager: Loaded Plugin PerforceSourceControl, From C:/Program Files (x86)/Epic Games/4.13/Engine/Plugins/Developer/PerforceSourceControl/PerforceSourceControl.uplugin
LogPluginManager: Loaded Plugin SubversionSourceControl, From C:/Program Files (x86)/Epic Games/4.13/Engine/Plugins/Developer/SubversionSourceControl/SubversionSourceControl.uplugin
LogPluginManager: Loaded Plugin UObjectPlugin, From C:/Program Files (x86)/Epic Games/4.13/Engine/Plugins/Developer/UObjectPlugin/UObjectPlugin.uplugin
LogPluginManager: Loaded Plugin VisualStudioSourceCodeAccess, From C:/Program Files (x86)/Epic Games/4.13/Engine/Plugins/Developer/VisualStudioSourceCodeAccess/VisualStudioSourceCodeAccess.uplugin
LogPluginManager: Loaded Plugin XCodeSourceCodeAccess, From C:/Program Files (x86)/Epic Games/4.13/Engine/Plugins/Developer/XCodeSourceCodeAccess/XCodeSourceCodeAccess.uplugin
LogPluginManager: Loaded Plugin EpicSurvey, From C:/Program Files (x86)/Epic Games/4.13/Engine/Plugins/Editor/EpicSurvey/EpicSurvey.uplugin
LogPluginManager: Loaded Plugin MacGraphicsSwitching, From C:/Program Files (x86)/Epic Games/4.13/Engine/Plugins/Editor/MacGraphicsSwitching/MacGraphicsSwitching.uplugin
LogPluginManager: Loaded Plugin MobileLauncherProfileWizard, From C:/Program Files (x86)/Epic Games/4.13/Engine/Plugins/Editor/MobileLauncherProfileWizard/MobileLauncherProfileWizard.uplugin
LogPluginManager: Loaded Plugin PluginBrowser, From C:/Program Files (x86)/Epic Games/4.13/Engine/Plugins/Editor/PluginBrowser/PluginBrowser.uplugin
LogPluginManager: Loaded Plugin SpeedTreeImporter, From C:/Program Files (x86)/Epic Games/4.13/Engine/Plugins/Editor/SpeedTreeImporter/SpeedTreeImporter.uplugin
LogPluginManager: Loaded Plugin SuperSearchEditor, From C:/Program Files (x86)/Epic Games/4.13/Engine/Plugins/Editor/SuperSearchEditor/SuperSearchEditor.uplugin
LogPluginManager: Loaded Plugin AlembicImporter, From C:/Program Files (x86)/Epic Games/4.13/Engine/Plugins/Experimental/AlembicImporter/AlembicImporter.uplugin
LogPluginManager: Loaded Plugin BlueprintStats, From C:/Program Files (x86)/Epic Games/4.13/Engine/Plugins/Experimental/BlueprintStats/BlueprintStats.uplugin
LogPluginManager: Loaded Plugin CharacterAI, From C:/Program Files (x86)/Epic Games/4.13/Engine/Plugins/Experimental/CharacterAI/CharacterAI.uplugin
LogPluginManager: Loaded Plugin CodeEditor, From C:/Program Files (x86)/Epic Games/4.13/Engine/Plugins/Experimental/CodeEditor/CodeEditor.uplugin
LogPluginManager: Loaded Plugin CodeView, From C:/Program Files (x86)/Epic Games/4.13/Engine/Plugins/Experimental/CodeView/CodeView.uplugin
LogPluginManager: Loaded Plugin HTML5Networking, From C:/Program Files (x86)/Epic Games/4.13/Engine/Plugins/Experimental/HTML5Networking/HTML5Networking.uplugin
LogPluginManager: Loaded Plugin LiveEditor, From C:/Program Files (x86)/Epic Games/4.13/Engine/Plugins/Experimental/LiveEditor/LiveEditor.uplugin
LogPluginManager: Loaded Plugin OSVR, From C:/Program Files (x86)/Epic Games/4.13/Engine/Plugins/Experimental/OSVR/OSVR.uplugin
LogPluginManager: Loaded Plugin Phya, From C:/Program Files (x86)/Epic Games/4.13/Engine/Plugins/Experimental/Phya/Phya.uplugin
LogPluginManager: Loaded Plugin SignificanceManager, From C:/Program Files (x86)/Epic Games/4.13/Engine/Plugins/Experimental/SignificanceManager/SignificanceManager.uplugin
LogPluginManager: Loaded Plugin SimpleHMD, From C:/Program Files (x86)/Epic Games/4.13/Engine/Plugins/Experimental/SimpleHMD/SimpleHMD.uplugin
LogPluginManager: Loaded Plugin StereoPanorama, From C:/Program Files (x86)/Epic Games/4.13/Engine/Plugins/Experimental/StereoPanorama/StereoPanorama.uplugin
LogPluginManager: Loaded Plugin StructBox, From C:/Program Files (x86)/Epic Games/4.13/Engine/Plugins/Experimental/StructBox/StructBox.uplugin
LogPluginManager: Loaded Plugin AndroidMedia, From C:/Program Files (x86)/Epic Games/4.13/Engine/Plugins/Media/AndroidMedia/AndroidMedia.uplugin
LogPluginManager: Loaded Plugin AvfMedia, From C:/Program Files (x86)/Epic Games/4.13/Engine/Plugins/Media/AvfMedia/AvfMedia.uplugin
LogPluginManager: Loaded Plugin MediaPlayerEditor, From C:/Program Files (x86)/Epic Games/4.13/Engine/Plugins/Media/MediaPlayerEditor/MediaPlayerEditor.uplugin
LogPluginManager: Loaded Plugin WmfMedia, From C:/Program Files (x86)/Epic Games/4.13/Engine/Plugins/Media/WmfMedia/WmfMedia.uplugin
LogPluginManager: Loaded Plugin MessagingDebugger, From C:/Program Files (x86)/Epic Games/4.13/Engine/Plugins/Messaging/MessagingDebugger/MessagingDebugger.uplugin
LogPluginManager: Loaded Plugin TcpMessaging, From C:/Program Files (x86)/Epic Games/4.13/Engine/Plugins/Messaging/TcpMessaging/TcpMessaging.uplugin
LogPluginManager: Loaded Plugin UdpMessaging, From C:/Program Files (x86)/Epic Games/4.13/Engine/Plugins/Messaging/UdpMessaging/UdpMessaging.uplugin
LogPluginManager: Loaded Plugin LevelSequenceEditor, From C:/Program Files (x86)/Epic Games/4.13/Engine/Plugins/MovieScene/LevelSequenceEditor/LevelSequenceEditor.uplugin
LogPluginManager: Loaded Plugin MatineeToLevelSequence, From C:/Program Files (x86)/Epic Games/4.13/Engine/Plugins/MovieScene/MatineeToLevelSequence/MatineeToLevelSequence.uplugin
LogPluginManager: Loaded Plugin NetcodeUnitTest, From C:/Program Files (x86)/Epic Games/4.13/Engine/Plugins/NetcodeUnitTest/NetcodeUnitTest/NetcodeUnitTest.uplugin
LogPluginManager: Loaded Plugin NUTUnrealEngine4, From C:/Program Files (x86)/Epic Games/4.13/Engine/Plugins/NetcodeUnitTest/NUTUnrealEngine4/NUTUnrealEngine4.uplugin
LogPluginManager: Loaded Plugin OnlineSubsystemGooglePlay, From C:/Program Files (x86)/Epic Games/4.13/Engine/Plugins/Online/Android/OnlineSubsystemGooglePlay/OnlineSubsystemGooglePlay.uplugin
LogPluginManager: Loaded Plugin OnlineSubsystemIOS, From C:/Program Files (x86)/Epic Games/4.13/Engine/Plugins/Online/IOS/OnlineSubsystemIOS/OnlineSubsystemIOS.uplugin
LogPluginManager: Loaded Plugin OnlineFramework, From C:/Program Files (x86)/Epic Games/4.13/Engine/Plugins/Online/OnlineFramework/OnlineFramework.uplugin
LogPluginManager: Loaded Plugin OnlineSubsystem, From C:/Program Files (x86)/Epic Games/4.13/Engine/Plugins/Online/OnlineSubsystem/OnlineSubsystem.uplugin
LogPluginManager: Loaded Plugin OnlineSubsystemAmazon, From C:/Program Files (x86)/Epic Games/4.13/Engine/Plugins/Online/OnlineSubsystemAmazon/OnlineSubsystemAmazon.uplugin
LogPluginManager: Loaded Plugin OnlineSubsystemFacebook, From C:/Program Files (x86)/Epic Games/4.13/Engine/Plugins/Online/OnlineSubsystemFacebook/OnlineSubsystemFacebook.uplugin
LogPluginManager: Loaded Plugin OnlineSubsystemNull, From C:/Program Files (x86)/Epic Games/4.13/Engine/Plugins/Online/OnlineSubsystemNull/OnlineSubsystemNull.uplugin
LogPluginManager: Loaded Plugin OnlineSubsystemOculus, From C:/Program Files (x86)/Epic Games/4.13/Engine/Plugins/Online/OnlineSubsystemOculus/OnlineSubsystemOculus.uplugin
LogPluginManager: Loaded Plugin OnlineSubsystemSteam, From C:/Program Files (x86)/Epic Games/4.13/Engine/Plugins/Online/OnlineSubsystemSteam/OnlineSubsystemSteam.uplugin
LogPluginManager: Loaded Plugin OnlineSubsystemUtils, From C:/Program Files (x86)/Epic Games/4.13/Engine/Plugins/Online/OnlineSubsystemUtils/OnlineSubsystemUtils.uplugin
LogPluginManager: Loaded Plugin IOSTapJoy, From C:/Program Files (x86)/Epic Games/4.13/Engine/Plugins/Runtime/Advertising/IOSTapJoy/IOSTapJoy.uplugin
LogPluginManager: Loaded Plugin AnalyticsBlueprintLibrary, From C:/Program Files (x86)/Epic Games/4.13/Engine/Plugins/Runtime/Analytics/AnalyticsBlueprintLibrary/AnalyticsBlueprintLibrary.uplugin
LogPluginManager: Loaded Plugin AnalyticsMulticast, From C:/Program Files (x86)/Epic Games/4.13/Engine/Plugins/Runtime/Analytics/AnalyticsMulticast/AnalyticsMulticast.uplugin
LogPluginManager: Loaded Plugin Apsalar, From C:/Program Files (x86)/Epic Games/4.13/Engine/Plugins/Runtime/Analytics/Apsalar/Apsalar.uplugin
LogPluginManager: Loaded Plugin FileLogging, From C:/Program Files (x86)/Epic Games/4.13/Engine/Plugins/Runtime/Analytics/FileLogging/FileLogging.uplugin
LogPluginManager: Loaded Plugin Flurry, From C:/Program Files (x86)/Epic Games/4.13/Engine/Plugins/Runtime/Analytics/Flurry/Flurry.uplugin
LogPluginManager: Loaded Plugin AndroidDeviceProfileSelector, From C:/Program Files (x86)/Epic Games/4.13/Engine/Plugins/Runtime/AndroidDeviceProfileSelector/AndroidDeviceProfileSelector.uplugin
LogPluginManager: Loaded Plugin AndroidMoviePlayer, From C:/Program Files (x86)/Epic Games/4.13/Engine/Plugins/Runtime/AndroidMoviePlayer/AndroidMoviePlayer.uplugin
LogPluginManager: Loaded Plugin AppleMoviePlayer, From C:/Program Files (x86)/Epic Games/4.13/Engine/Plugins/Runtime/AppleMoviePlayer/AppleMoviePlayer.uplugin
LogPluginManager: Loaded Plugin ArchVisCharacter, From C:/Program Files (x86)/Epic Games/4.13/Engine/Plugins/Runtime/ArchVisCharacter/ArchVisCharacter.uplugin
LogPluginManager: Loaded Plugin CableComponent, From C:/Program Files (x86)/Epic Games/4.13/Engine/Plugins/Runtime/CableComponent/CableComponent.uplugin
LogPluginManager: Loaded Plugin CustomMeshComponent, From C:/Program Files (x86)/Epic Games/4.13/Engine/Plugins/Runtime/CustomMeshComponent/CustomMeshComponent.uplugin
LogPluginManager: Loaded Plugin ExampleDeviceProfileSelector, From C:/Program Files (x86)/Epic Games/4.13/Engine/Plugins/Runtime/ExampleDeviceProfileSelector/ExampleDeviceProfileSelector.uplugin
LogPluginManager: Loaded Plugin GearVR, From C:/Program Files (x86)/Epic Games/4.13/Engine/Plugins/Runtime/GearVR/GearVR.uplugin
LogPluginManager: Loaded Plugin GoogleVRController, From C:/Program Files (x86)/Epic Games/4.13/Engine/Plugins/Runtime/GoogleVR/GoogleVRController/GoogleVRController.uplugin
LogPluginManager: Loaded Plugin GoogleVRHMD, From C:/Program Files (x86)/Epic Games/4.13/Engine/Plugins/Runtime/GoogleVR/GoogleVRHMD/GoogleVRHMD.uplugin
LogPluginManager: Loaded Plugin IOSDeviceProfileSelector, From C:/Program Files (x86)/Epic Games/4.13/Engine/Plugins/Runtime/IOSDeviceProfileSelector/IOSDeviceProfileSelector.uplugin
LogPluginManager: Loaded Plugin LeapMotion, From C:/Program Files (x86)/Epic Games/4.13/Engine/Plugins/Runtime/LeapMotion/LeapMotion.uplugin
LogPluginManager: Loaded Plugin LinuxDeviceProfileSelector, From C:/Program Files (x86)/Epic Games/4.13/Engine/Plugins/Runtime/LinuxDeviceProfileSelector/LinuxDeviceProfileSelector.uplugin
LogPluginManager: Loaded Plugin LiveEditorListenServer, From C:/Program Files (x86)/Epic Games/4.13/Engine/Plugins/Runtime/LiveEditorListenServer/LiveEditorListenServer.uplugin
LogPluginManager: Loaded Plugin OculusAudio, From C:/Program Files (x86)/Epic Games/4.13/Engine/Plugins/Runtime/OculusAudio/OculusAudio.uplugin
LogPluginManager: Loaded Plugin OculusInput, From C:/Program Files (x86)/Epic Games/4.13/Engine/Plugins/Runtime/OculusInput/OculusInput.uplugin
LogPluginManager: Loaded Plugin OculusLibrary, From C:/Program Files (x86)/Epic Games/4.13/Engine/Plugins/Runtime/OculusLibrary/OculusLibrary.uplugin
LogPluginManager: Loaded Plugin OculusRift, From C:/Program Files (x86)/Epic Games/4.13/Engine/Plugins/Runtime/OculusRift/OculusRift.uplugin
LogPluginManager: Loaded Plugin Oodle, From C:/Program Files (x86)/Epic Games/4.13/Engine/Plugins/Runtime/PacketHandlers/CompressionComponents/Oodle/Oodle.uplugin
LogPluginManager: Loaded Plugin ProceduralMeshComponent, From C:/Program Files (x86)/Epic Games/4.13/Engine/Plugins/Runtime/ProceduralMeshComponent/ProceduralMeshComponent.uplugin
LogPluginManager: Loaded Plugin SoundMod, From C:/Program Files (x86)/Epic Games/4.13/Engine/Plugins/Runtime/SoundMod/SoundMod.uplugin
LogPluginManager: Loaded Plugin SoundVisualizations, From C:/Program Files (x86)/Epic Games/4.13/Engine/Plugins/Runtime/SoundVisualizations/SoundVisualizations.uplugin
LogPluginManager: Loaded Plugin SteamController, From C:/Program Files (x86)/Epic Games/4.13/Engine/Plugins/Runtime/Steam/SteamController/SteamController.uplugin
LogPluginManager: Loaded Plugin SteamVR, From C:/Program Files (x86)/Epic Games/4.13/Engine/Plugins/Runtime/Steam/SteamVR/SteamVR.uplugin
LogPluginManager: Loaded Plugin WebBrowserWidget, From C:/Program Files (x86)/Epic Games/4.13/Engine/Plugins/Runtime/WebBrowserWidget/WebBrowserWidget.uplugin
LogPluginManager: Loaded Plugin WindowsDeviceProfileSelector, From C:/Program Files (x86)/Epic Games/4.13/Engine/Plugins/Runtime/WindowsDeviceProfileSelector/WindowsDeviceProfileSelector.uplugin
LogPluginManager: Loaded Plugin WindowsMoviePlayer, From C:/Program Files (x86)/Epic Games/4.13/Engine/Plugins/Runtime/WindowsMoviePlayer/WindowsMoviePlayer.uplugin
LogPluginManager: Loaded Plugin ScriptPlugin, From C:/Program Files (x86)/Epic Games/4.13/Engine/Plugins/ScriptPlugin/ScriptPlugin.uplugin
LogPluginManager: Loaded Plugin SlateRemote, From C:/Program Files (x86)/Epic Games/4.13/Engine/Plugins/Slate/SlateRemote/SlateRemote.uplugin
LogInit: Using libcurl 7.47.1
LogInit:  - built for x86_64-pc-win32
LogInit:  - supports SSL with WinSSL
LogInit:  - other features:
LogInit:      CURL_VERSION_SSL
LogInit:      CURL_VERSION_IPV6
LogInit:      CURL_VERSION_ASYNCHDNS
LogInit:      CURL_VERSION_LARGEFILE
LogInit:      CURL_VERSION_IDN
LogInit:  CurlRequestOptions (configurable via config and command line):
LogInit:  - bVerifyPeer = false  - Libcurl will NOT verify peer certificate
LogInit:  - bUseHttpProxy = false  - Libcurl will NOT use HTTP proxy
LogInit:  - bDontReuseConnections = false  - Libcurl will reuse connections
LogInit:  - CertBundlePath = nullptr  - Libcurl will use whatever was configured at build time.
LogInit: Build: ++UE4+Release-4.13-CL-3106830
LogInit: Engine Version: 4.13.0-3106830+++UE4+Release-4.13
LogInit: Compatible Engine Version: 4.13.0-3106830+++UE4+Release-4.13
LogInit: Net CL: 3106830
LogDevObjectVersion: Number of dev versions registered: 13
LogDevObjectVersion:   Dev-Blueprints (B0D832E4-1F89-4F0D-ACCF-7EB736FD4AA2): 5
LogDevObjectVersion:   Dev-Build (E1C64328-A22C-4D53-A36C-8E866417BD8C): 0
LogDevObjectVersion:   Dev-Core (375EC13C-06E4-48FB-B500-84F0262A717E): 1
LogDevObjectVersion:   Dev-Editor (E4B068ED-F494-42E9-A231-DA0B2E46BB41): 6
LogDevObjectVersion:   Dev-Framework (CFFC743F-43B0-4480-9391-14DF171D2073): 12
LogDevObjectVersion:   Dev-Mobile (B02B49B5-BB20-44E9-A304-32B752E40360): 0
LogDevObjectVersion:   Dev-Networking (A4E4105C-59A1-49B5-A7C5-40C4547EDFEE): 0
LogDevObjectVersion:   Dev-Online (39C831C9-5AE6-47DC-9A44-9C173E1C8E7C): 0
LogDevObjectVersion:   Dev-Physics (78F01B33-EBEA-4F98-B9B4-84EACCB95AA2): 0
LogDevObjectVersion:   Dev-Platform (6631380F-2D4D-43E0-8009-CF276956A95A): 0
LogDevObjectVersion:   Dev-Rendering (12F88B9F-8875-4AFC-A67C-D90C383ABD29): 4
LogDevObjectVersion:   Dev-Sequencer (7B5AE74C-D270-4C10-A958-57980B212A5A): 0
LogDevObjectVersion:   Dev-VR (D7296918-1DD6-4BDD-9DE2-64A83CC13884): 0
LogInit: Compiled (64-bit): Aug 30 2016 18:11:39
LogInit: Compiled with Visual C++: 19.00.23026.00
LogInit: Build Configuration: Development
LogInit: Branch Name: ++UE4+Release-4.13
LogInit: Command line: -EpicPortal 
LogInit: Base directory: C:/Program Files (x86)/Epic Games/4.13/Engine/Binaries/Win64/
LogInit: Installed Engine Build: 1
LogInit: Presizing for max 8388607 objects, including 0 objects not considered by GC, pre-allocating 0 bytes for permanent pool.
LogInit: Object subsystem initialized
[2016.11.08-00.45.03:890][  0]LogInit: Selected Device Profile: [Windows]
[2016.11.08-00.45.03:890][  0]LogInit: Applying CVar settings loaded from the selected device profile: [Windows]
[2016.11.08-00.45.03:899][  0]LogInit: Computer: DESKTOP-GLHOM9E
[2016.11.08-00.45.03:899][  0]LogInit: User: iAxX
[2016.11.08-00.45.03:899][  0]LogInit: CPU Page size=65536, Cores=4
[2016.11.08-00.45.03:899][  0]LogInit: High frequency timer resolution =3.312792 MHz
[2016.11.08-00.45.03:899][  0]LogMemory: Memory total: Physical=16.0GB (16GB approx)
[2016.11.08-00.45.03:899][  0]LogMemory: Platform Memory Stats for Windows
[2016.11.08-00.45.03:899][  0]LogMemory: Process Physical Memory: 256.04 MB used, 256.04 MB peak
[2016.11.08-00.45.03:899][  0]LogMemory: Process Virtual Memory: 260.03 MB used, 260.03 MB peak
[2016.11.08-00.45.03:899][  0]LogMemory: Physical Memory: 7273.43 MB used, 16345.56 MB total
[2016.11.08-00.45.03:900][  0]LogMemory: Virtual Memory: 622.93 MB used, 134217728.00 MB total
[2016.11.08-00.45.03:923][  0]LogTextLocalizationManager: No specific translations for ('en-GB') exist, so ('en') translations will be used.
[2016.11.08-00.45.04:479][  0]LogD3D11RHI: D3D11 adapters:
[2016.11.08-00.45.04:513][  0]LogD3D11RHI:    0. 'NVIDIA GeForce GTX 970' (Feature Level 11_0)
[2016.11.08-00.45.04:513][  0]LogD3D11RHI:       4058/0/8172 MB DedicatedVideo/DedicatedSystem/SharedSystem, Outputs:2, VendorId:0x10de
[2016.11.08-00.45.04:514][  0]LogD3D11RHI:    1. 'Microsoft Basic Render Driver' (Feature Level 11_0)
[2016.11.08-00.45.04:514][  0]LogD3D11RHI:       0/0/8172 MB DedicatedVideo/DedicatedSystem/SharedSystem, Outputs:0, VendorId:0x1414
[2016.11.08-00.45.04:514][  0]LogD3D11RHI: Chosen D3D11 Adapter: 0
[2016.11.08-00.45.04:519][  0]LogD3D11RHI: Creating new Direct3DDevice
[2016.11.08-00.45.04:519][  0]LogD3D11RHI:     GPU DeviceId: 0x13c2 (for the marketing name, search the web for "GPU Device Id")
[2016.11.08-00.45.04:519][  0]LogWindows: EnumDisplayDevices:
[2016.11.08-00.45.04:519][  0]LogWindows:    0. 'NVIDIA GeForce GTX 970' (P:1 D:1)
[2016.11.08-00.45.04:519][  0]LogWindows:    1. 'NVIDIA GeForce GTX 970' (P:0 D:1)
[2016.11.08-00.45.04:519][  0]LogWindows:    2. 'NVIDIA GeForce GTX 970' (P:0 D:0)
[2016.11.08-00.45.04:519][  0]LogWindows:    3. 'NVIDIA GeForce GTX 970' (P:0 D:0)
[2016.11.08-00.45.04:519][  0]LogWindows: DebugString: FoundDriverCount:4 
[2016.11.08-00.45.04:519][  0]LogD3D11RHI:     Adapter Name: NVIDIA GeForce GTX 970
[2016.11.08-00.45.04:519][  0]LogD3D11RHI:   Driver Version: 372.70 (internal:21.21.13.7270, unified:372.70)
[2016.11.08-00.45.04:519][  0]LogD3D11RHI:      Driver Date: 8-25-2016
[2016.11.08-00.45.04:519][  0]LogRHI: Texture pool is 1361 MB (70% of 1945 MB)
[2016.11.08-00.45.04:531][  0]LogD3D11RHI: Async texture creation enabled
[2016.11.08-00.45.04:541][  0]LogD3D11RHI: GPU Timing Frequency: 1000.000000 (Debug: 2 1)
[2016.11.08-00.45.04:541][  0]LogShaderCompilers: Guid format shader working directory is -4 characters bigger than the processId version (E:/Unreal Project Boredom Warrior/Boredom_Warrior/Intermediate/Shaders/WorkingDirectory/1716/).
[2016.11.08-00.45.04:542][  0]LogShaderCompilers: Cleaned the shader compiler working directory 'C:/Users/iAxX/AppData/Local/Temp/UnrealShaderWorkingDir/A3253ECD422258C4D0E9F69245FEC8F1/'.
[2016.11.08-00.45.04:542][  0]LogShaderCompilers:Display: Using Local Shader Compiler.
[2016.11.08-00.45.05:628][  0]LogTemp:Display: Loaded TP AllDesktopTargetPlatform
[2016.11.08-00.45.05:635][  0]LogTemp:Display: Loaded TP WindowsClientTargetPlatform
[2016.11.08-00.45.05:642][  0]LogTemp:Display: Loaded TP WindowsNoEditorTargetPlatform
[2016.11.08-00.45.05:650][  0]LogTemp:Display: Loaded TP WindowsServerTargetPlatform
[2016.11.08-00.45.05:657][  0]LogTemp:Display: Loaded TP WindowsTargetPlatform
[2016.11.08-00.45.05:664][  0]LogTemp:Display: Loaded TP AndroidTargetPlatform
[2016.11.08-00.45.05:670][  0]LogTemp:Display: Loaded TP Android_ASTCTargetPlatform
[2016.11.08-00.45.05:676][  0]LogTemp:Display: Loaded TP Android_ATCTargetPlatform
[2016.11.08-00.45.05:683][  0]LogTemp:Display: Loaded TP Android_DXTTargetPlatform
[2016.11.08-00.45.05:690][  0]LogTemp:Display: Loaded TP Android_ETC1TargetPlatform
[2016.11.08-00.45.05:699][  0]LogTemp:Display: Loaded TP Android_ETC2TargetPlatform
[2016.11.08-00.45.05:712][  0]LogTemp:Display: Loaded TP Android_MultiTargetPlatform
[2016.11.08-00.45.05:712][  0]LogTemp:Display: Loaded TP Android_PVRTCTargetPlatform
[2016.11.08-00.45.05:713][  0]LogTemp:Display: Loaded TP HTML5TargetPlatform
[2016.11.08-00.45.05:732][  0]LogTemp:Display: Loaded TP IOSTargetPlatform
[2016.11.08-00.45.05:739][  0]LogTemp:Display: Loaded TP TVOSTargetPlatform
[2016.11.08-00.45.05:745][  0]LogTemp:Display: Loaded TP LinuxClientTargetPlatform
[2016.11.08-00.45.05:751][  0]LogTemp:Display: Loaded TP LinuxNoEditorTargetPlatform
[2016.11.08-00.45.05:757][  0]LogTemp:Display: Loaded TP LinuxServerTargetPlatform
[2016.11.08-00.45.05:764][  0]LogTemp:Display: Loaded TP LinuxTargetPlatform
[2016.11.08-00.45.05:764][  0]LogTargetPlatformManager:Display: Building Assets For Windows
[2016.11.08-00.45.05:823][  0]LogDerivedDataCache:Display: Max Cache Size: 512 MB
[2016.11.08-00.45.05:888][  0]LogDerivedDataCache: Loaded boot cache 0.07s 62MB C:/Users/iAxX/AppData/Local/UnrealEngine/4.13/DerivedDataCache/Boot.ddc.
[2016.11.08-00.45.05:888][  0]LogDerivedDataCache:Display: Loaded Boot cache: C:/Users/iAxX/AppData/Local/UnrealEngine/4.13/DerivedDataCache/Boot.ddc
[2016.11.08-00.45.05:889][  0]LogDerivedDataCache: FDerivedDataBackendGraph:  Pak pak cache file E:/Unreal Project Boredom Warrior/Boredom_Warrior/DerivedDataCache/DDC.ddp not found, will not use a pak cache.
[2016.11.08-00.45.05:889][  0]LogDerivedDataCache: Unable to find inner node Pak for hierarchical cache Hierarchy.
[2016.11.08-00.45.05:889][  0]LogDerivedDataCache: FDerivedDataBackendGraph:  CompressedPak pak cache file E:/Unreal Project Boredom Warrior/Boredom_Warrior/DerivedDataCache/Compressed.ddp not found, will not use a pak cache.
[2016.11.08-00.45.05:889][  0]LogDerivedDataCache: Unable to find inner node CompressedPak for hierarchical cache Hierarchy.
[2016.11.08-00.45.05:904][  0]LogDerivedDataCache:Display: Pak cache opened for reading ../../../Engine/DerivedDataCache/Compressed.ddp.
[2016.11.08-00.45.05:916][  0]LogDerivedDataCache: Using Local data cache path C:/Users/iAxX/AppData/Local/UnrealEngine/Common/DerivedDataCache: Writable
[2016.11.08-00.45.06:113][  0]LogInit: Selected Device Profile: [Windows]
[2016.11.08-00.45.06:116][  0]LogContentStreaming: Texture pool size is 0.00 MB
[2016.11.08-00.45.06:201][  0]LogMeshUtilities: No automatic mesh reduction module available
[2016.11.08-00.45.06:201][  0]LogMeshUtilities: No automatic mesh merging module available
[2016.11.08-00.45.06:201][  0]LogMeshUtilities: No distributed automatic mesh merging module available
[2016.11.08-00.45.06:268][  0]LogMaterial: Uniform references updated for custom material expression Custom.
[2016.11.08-00.45.06:542][  0]LogNetVersion: GetLocalNetworkVersion: CL: 3106830, ProjectName: boredom_warrior, ProjectVersion: , EngineNetworkVersion: 1, GameNetworkVersion: 0, NetworkChecksum: 3630817611
[2016.11.08-00.45.06:576][  0]LogAssetRegistry: FAssetRegistry took 0.0214 seconds to start up
[2016.11.08-00.45.06:598][  0]LogPackageLocalizationCache: Processed 3 localized package path(s) for 2 prioritized culture(s) in 0.019769 seconds
[2016.11.08-00.45.06:603][  0]LogUObjectArray: 29777 objects as part of root set at end of initial load.
[2016.11.08-00.45.06:603][  0]LogUObjectAllocator: 6124704 out of 0 bytes used by permanent object pool.
[2016.11.08-00.45.06:603][  0]LogUObjectArray: CloseDisregardForGC: 0/0 objects in disregard for GC pool
[2016.11.08-00.45.06:607][  0]LogInit: WinSock: version 1.1 (2.2), MaxSocks=32767, MaxUdp=65467
[2016.11.08-00.45.06:815][  0]LogSlate: SlateFontCache - WITH_FREETYPE: 1, WITH_HARFBUZZ: 1
[2016.11.08-00.45.06:815][  0]LogSlate: SlateFontCache - WITH_FREETYPE: 1, WITH_HARFBUZZ: 1
[2016.11.08-00.45.07:403][  0]LogUdpMessaging: Initializing bridge on interface 0.0.0.0:0 to multicast group 230.0.0.1:6666.
[2016.11.08-00.45.07:610][  0]SourceControl: Info Source control is disabled
[2016.11.08-00.45.07:611][  0]SourceControl: Info Source control is disabled
[2016.11.08-00.45.07:618][  0]SourceControl: Info Source control is disabled
[2016.11.08-00.45.07:624][  0]SourceControl: Info Source control is disabled
[2016.11.08-00.45.07:869][  0]LogEngine: Initializing Engine...
[2016.11.08-00.45.07:870][  0]LogHMD: Failed to initialize OpenVR with code 110
[2016.11.08-00.45.07:998][  0]LogAIModule: Creating AISystem for world Untitled
[2016.11.08-00.45.08:013][  0]LogInit: XAudio2 using 'Speakers (High Definition Audio Device)' : 2 channels at 48 kHz using 32 bits per sample (channel mask 0x3)
[2016.11.08-00.45.08:023][  0]LogInit: FAudioDevice initialized.
[2016.11.08-00.45.08:056][  0]LogDerivedDataCache: Saved boot cache 0.03s 62MB C:/Users/iAxX/AppData/Local/UnrealEngine/4.13/DerivedDataCache/Boot.ddc.
[2016.11.08-00.45.08:072][  0]LogInit: Texture streaming: Enabled
[2016.11.08-00.45.08:096][  0]LogInit: Transaction tracking system initialized
[2016.11.08-00.45.08:115][  0]BlueprintLog: New page: Editor Load
[2016.11.08-00.45.08:180][  0]LocalizationService: Info Localization service is disabled
[2016.11.08-00.45.08:247][  0]LogConsoleResponse:Display: 
[2016.11.08-00.45.08:362][  0]LogCook:Display: Max memory allowance for cook 16384mb min free memory 0mb
[2016.11.08-00.45.08:362][  0]LogCook:Display: Mobile HDR setting 1
[2016.11.08-00.45.08:499][  0]LogFileCache: Scanning file cache for directory 'E:/Unreal Project Boredom Warrior/Boredom_Warrior/Content/' took 0.01s
[2016.11.08-00.45.08:499][  0]SourceControl: Info Source control is disabled
[2016.11.08-00.45.08:499][  0]Cmd: MAP LOAD FILE="E:/Unreal Project Boredom Warrior/Boredom_Warrior/Content/Map/Main.umap" TEMPLATE=0 SHOWPROGRESS=1 FEATURELEVEL=3
[2016.11.08-00.45.08:499][  0]LightingResults: New page: Lighting Build
[2016.11.08-00.45.08:501][  0]MapCheck: New page: Map Check
[2016.11.08-00.45.08:501][  0]LightingResults: New page: Lighting Build
[2016.11.08-00.45.08:515][  0]LogAIModule: Creating AISystem for world Main
[2016.11.08-00.45.08:515][  0]LogEditorServer: Finished looking for orphan Actors (0.000 secs)
[2016.11.08-00.45.08:516][  0]Cmd: MAP CHECKDEP NOCLEARLOG
[2016.11.08-00.45.08:555][  0]MapCheck: Info Map check complete: 0 Error(s), 0 Warning(s), took 38.359ms to complete.
[2016.11.08-00.45.08:555][  0]LogFileHelpers: Loading map 'Main' took 0.056
[2016.11.08-00.45.08:668][  0]LogCollectionManager: Loaded 0 collections in 0.001098 seconds
[2016.11.08-00.45.08:709][  0]LogFileCache: Scanning file cache for directory 'E:/Unreal Project Boredom Warrior/Boredom_Warrior/Saved/Collections/' took 0.01s
[2016.11.08-00.45.08:709][  0]LogFileCache: Scanning file cache for directory 'E:/Unreal Project Boredom Warrior/Boredom_Warrior/Content/Developers/iAxX/Collections/' took 0.01s
[2016.11.08-00.45.08:709][  0]LogFileCache: Scanning file cache for directory 'E:/Unreal Project Boredom Warrior/Boredom_Warrior/Content/Collections/' took 0.01s
[2016.11.08-00.45.08:709][  0]LogCollectionManager: Rebuilt the GUID cache for 0 collections in 0.000002 seconds
[2016.11.08-00.45.08:717][  0]LogContentBrowser: Native class hierarchy populated in 0.0082 seconds. Added 2141 classes and 415 folders.
[2016.11.08-00.45.08:720][  0]LogStats: UGameplayTagsManager::ConstructGameplayTagTree: Construct from data asset -  0.000 s
[2016.11.08-00.45.08:720][  0]LogStats: UGameplayTagsManager::ConstructGameplayTagTree: GameplayTagTreeChangedEvent.Broadcast -  0.000 s
[2016.11.08-00.45.08:721][  0]LogContentBrowser: Native class hierarchy updated for 'GameplayTags' in 0.0004 seconds. Added 12 classes and 0 folders.
[2016.11.08-00.45.08:724][  0]LogContentBrowser: Native class hierarchy updated for 'WidgetCarousel' in 0.0003 seconds. Added 0 classes and 0 folders.
[2016.11.08-00.45.08:757][  0]LogContentBrowser: Native class hierarchy updated for 'AddContentDialog' in 0.0004 seconds. Added 0 classes and 0 folders.
[2016.11.08-00.45.08:761][  0]LogContentBrowser: Native class hierarchy updated for 'SceneOutliner' in 0.0004 seconds. Added 1 classes and 2 folders.
[2016.11.08-00.45.08:772][  0]LogCrashTracker: Crashtracker disabled due to settings.
[2016.11.08-00.45.08:777][  0]LogUObjectGlobals:Warning: Failed to find object 'Class None.'
[2016.11.08-00.45.08:803][  0]LogContentBrowser: Native class hierarchy updated for 'HierarchicalLODOutliner' in 0.0004 seconds. Added 1 classes and 2 folders.
[2016.11.08-00.45.08:804][  0]LogLoad: (Engine Initialization) Total time: 5.67 seconds
[2016.11.08-00.45.08:804][  0]LogLoad: (Engine Initialization) Total Blueprint compile time: 0.01 seconds
[2016.11.08-00.45.08:804][  0]LogExternalProfiler: No external profilers were discovered.  External profiling features will not be available.
[2016.11.08-00.45.09:143][  0]LogOcInput: OculusInput pre-init called
[2016.11.08-00.45.09:161][  0]LogContentStreaming: Texture pool size now 1000 MB
[2016.11.08-00.45.09:315][  0]LogRenderer: Reallocating scene render targets to support 1208x600 (Frame:2).
[2016.11.08-00.45.09:485][  1]LogAssetRegistry: Asset discovery search completed in 2.9307 seconds
[2016.11.08-00.45.09:485][  1]LogCollectionManager: Rebuilt the object cache for 0 collections in 0.000001 seconds (found 0 objects)
[2016.11.08-00.45.09:485][  1]LogCollectionManager: Fixed up redirectors for 0 collections in 0.000024 seconds (updated 0 objects)
[2016.11.08-00.45.10:806][  5]LogEditorViewport: Clicking Background
[2016.11.08-00.45.13:008][261]Cmd: MAP LOAD FILE="E:/Unreal Project Boredom Warrior/Boredom_Warrior/Content/Map/Main.umap" TEMPLATE=0 SHOWPROGRESS=1 FEATURELEVEL=3
[2016.11.08-00.45.13:008][261]LightingResults: New page: Lighting Build
[2016.11.08-00.45.13:009][261]LoadErrors: New page: Loading map: Main.umap
[2016.11.08-00.45.13:009][261]MapCheck: New page: Map Check
[2016.11.08-00.45.13:009][261]LightingResults: New page: Lighting Build
[2016.11.08-00.45.13:020][261]LogAIModule: Creating AISystem for world Main
[2016.11.08-00.45.13:021][261]LogEditorServer: Finished looking for orphan Actors (0.000 secs)
[2016.11.08-00.45.13:041][261]Cmd: MAP CHECKDEP NOCLEARLOG
[2016.11.08-00.45.13:077][261]MapCheck: Info Map check complete: 0 Error(s), 0 Warning(s), took 36.068ms to complete.
[2016.11.08-00.45.13:078][261]LogFileHelpers: Loading map 'Main' took 0.071
[2016.11.08-00.45.14:651][446]LogAIModule: Creating AISystem for world Base
[2016.11.08-00.45.14:663][446]Cmd: MAP LOAD FILE="E:/Unreal Project Boredom Warrior/Boredom_Warrior/Content/Map/Base.umap" TEMPLATE=0 SHOWPROGRESS=1 FEATURELEVEL=3
[2016.11.08-00.45.14:663][446]LightingResults: New page: Lighting Build
[2016.11.08-00.45.14:664][446]LoadErrors: New page: Loading map: Base.umap
[2016.11.08-00.45.14:664][446]MapCheck: New page: Map Check
[2016.11.08-00.45.14:664][446]LightingResults: New page: Lighting Build
[2016.11.08-00.45.14:674][446]LogEditorServer: Finished looking for orphan Actors (0.000 secs)
[2016.11.08-00.45.14:692][446]Cmd: MAP CHECKDEP NOCLEARLOG
[2016.11.08-00.45.14:728][446]MapCheck: Info Map check complete: 0 Error(s), 0 Warning(s), took 36.032ms to complete.
[2016.11.08-00.45.14:728][446]LogFileHelpers: Loading map 'Base' took 0.066
[2016.11.08-00.45.15:392][524]LogEditorViewport: Clicking on Actor (LMB): PaperTileMapActor (spreadsheet_TileMap)
[2016.11.08-00.45.17:510][763]LogPlayLevel: PlayLevel: No blueprints needed recompiling
[2016.11.08-00.45.17:510][763]PIE: New page: SIE session: Base (8 Nov 2016 00:45:17)
[2016.11.08-00.45.17:510][763]LogPlayLevel: Creating play world package: /Game/Map/UEDPIE_0_Base
[2016.11.08-00.45.17:511][763]LogPlayLevel: PIE: StaticDuplicateObject took: (0.000735s)
[2016.11.08-00.45.17:512][763]LogAIModule: Creating AISystem for world Base
[2016.11.08-00.45.17:512][763]LogPlayLevel: PIE: World Init took: (0.001029s)
[2016.11.08-00.45.17:512][763]LogPlayLevel: PIE: Created PIE world by copying editor world from /Game/Map/Base.Base to /Game/Map/UEDPIE_0_Base.Base (0.001949s)
[2016.11.08-00.45.17:531][763]LogInit: XAudio2 using 'Speakers (High Definition Audio Device)' : 2 channels at 48 kHz using 32 bits per sample (channel mask 0x3)
[2016.11.08-00.45.17:538][763]LogInit: FAudioDevice initialized.
[2016.11.08-00.45.17:694][763]LogWorld: Game class is 'GameController_C'
[2016.11.08-00.45.17:697][763]LogWorld: Bringing World /Game/Map/UEDPIE_0_Base.Base up for play (max tick rate 0) at 2016.11.08-00.45.17
[2016.11.08-00.45.17:698][763]LogWorld: Bringing up level for play took: 0.001827
[2016.11.08-00.45.17:701][763]LogContentBrowser: Native class hierarchy updated for 'MovieSceneCapture' in 0.0004 seconds. Added 11 classes and 0 folders.
[2016.11.08-00.45.17:701][763]LogGameMode:Display: Match State Changed from EnteringMap to WaitingToStart
[2016.11.08-00.45.17:701][763]LogGameState: Match State Changed from EnteringMap to WaitingToStart
[2016.11.08-00.45.17:701][763]PIE: Info Play in editor start time for /Game/Map/UEDPIE_0_Base -0.412
[2016.11.08-00.45.26:081][353]LogGameMode: GameMode returned ReadyToStartMatch
[2016.11.08-00.45.26:081][353]LogGameMode:Display: Match State Changed from WaitingToStart to InProgress
[2016.11.08-00.45.26:081][353]LogGameState: Match State Changed from WaitingToStart to InProgress
[2016.11.08-00.45.43:552][374]LogContentBrowser: Native class hierarchy updated for 'BlueprintGraph' in 0.0008 seconds. Added 112 classes and 0 folders.
[2016.11.08-00.45.47:916][629]LogRenderer: Reallocating scene render targets to support 1208x812 (Frame:3858).
[2016.11.08-00.46.11:405][546]BlueprintLog: New page: Compile Player
[2016.11.08-00.46.11:933][575]Cmd: OBJ SAVEPACKAGE PACKAGE="/Game/Blueprints/Player" FILE="E:/Unreal Project Boredom Warrior/Boredom_Warrior/Content/Blueprints/Player.uasset" SILENT=true
[2016.11.08-00.46.11:985][575]LogSavePackage: Save=45.82ms
[2016.11.08-00.46.11:985][575]LogSavePackage: Moving 'E:/Unreal Project Boredom Warrior/Boredom_Warrior/Saved/Player755FA733438431F48E603286A0D099D8.tmp' to 'E:/Unreal Project Boredom Warrior/Boredom_Warrior/Content/Blueprints/Player.uasset'
[2016.11.08-00.46.11:987][575]LogSavePackage:Display: Finished SavePackage E:/Unreal Project Boredom Warrior/Boredom_Warrior/Content/Blueprints/Player.uasset
[2016.11.08-00.46.13:432][733]LogPlayLevel: PlayLevel: No blueprints needed recompiling
[2016.11.08-00.46.13:432][733]PIE: New page: SIE session: Base (8 Nov 2016 00:46:13)
[2016.11.08-00.46.13:432][733]LogPlayLevel: Creating play world package: /Game/Map/UEDPIE_0_Base
[2016.11.08-00.46.13:433][733]LogPlayLevel: PIE: StaticDuplicateObject took: (0.000715s)
[2016.11.08-00.46.13:433][733]LogAIModule: Creating AISystem for world Base
[2016.11.08-00.46.13:434][733]LogPlayLevel: PIE: World Init took: (0.000680s)
[2016.11.08-00.46.13:434][733]LogPlayLevel: PIE: Created PIE world by copying editor world from /Game/Map/Base.Base to /Game/Map/UEDPIE_0_Base.Base (0.001555s)
[2016.11.08-00.46.13:457][733]LogInit: XAudio2 using 'Speakers (High Definition Audio Device)' : 2 channels at 48 kHz using 32 bits per sample (channel mask 0x3)
[2016.11.08-00.46.13:464][733]LogInit: FAudioDevice initialized.
[2016.11.08-00.46.13:497][733]LogWorld: Game class is 'GameController_C'
[2016.11.08-00.46.13:499][733]LogWorld: Bringing World /Game/Map/UEDPIE_0_Base.Base up for play (max tick rate 0) at 2016.11.08-00.46.13
[2016.11.08-00.46.13:500][733]LogWorld: Bringing up level for play took: 0.001881
[2016.11.08-00.46.13:500][733]LogGameMode:Display: Match State Changed from EnteringMap to WaitingToStart
[2016.11.08-00.46.13:501][733]LogGameState: Match State Changed from EnteringMap to WaitingToStart
[2016.11.08-00.46.13:501][733]PIE: Info Play in editor start time for /Game/Map/UEDPIE_0_Base -0.613
[2016.11.08-00.46.15:287][918]LogGameMode: GameMode returned ReadyToStartMatch
[2016.11.08-00.46.15:287][918]LogGameMode:Display: Match State Changed from WaitingToStart to InProgress
[2016.11.08-00.46.15:287][918]LogGameState: Match State Changed from WaitingToStart to InProgress
[2016.11.08-00.46.43:303][554]LogPlayLevel: PlayLevel: No blueprints needed recompiling
[2016.11.08-00.46.43:303][554]PIE: New page: SIE session: Base (8 Nov 2016 00:46:43)
[2016.11.08-00.46.43:303][554]LogPlayLevel: Creating play world package: /Game/Map/UEDPIE_0_Base
[2016.11.08-00.46.43:304][554]LogPlayLevel: PIE: StaticDuplicateObject took: (0.000711s)
[2016.11.08-00.46.43:304][554]LogAIModule: Creating AISystem for world Base
[2016.11.08-00.46.43:304][554]LogPlayLevel: PIE: World Init took: (0.000653s)
[2016.11.08-00.46.43:304][554]LogPlayLevel: PIE: Created PIE world by copying editor world from /Game/Map/Base.Base to /Game/Map/UEDPIE_0_Base.Base (0.001530s)
[2016.11.08-00.46.43:325][554]LogInit: XAudio2 using 'Speakers (High Definition Audio Device)' : 2 channels at 48 kHz using 32 bits per sample (channel mask 0x3)
[2016.11.08-00.46.43:332][554]LogInit: FAudioDevice initialized.
[2016.11.08-00.46.43:366][554]LogWorld: Game class is 'GameController_C'
[2016.11.08-00.46.43:368][554]LogWorld: Bringing World /Game/Map/UEDPIE_0_Base.Base up for play (max tick rate 0) at 2016.11.08-00.46.43
[2016.11.08-00.46.43:369][554]LogWorld: Bringing up level for play took: 0.001960
[2016.11.08-00.46.43:369][554]LogGameMode:Display: Match State Changed from EnteringMap to WaitingToStart
[2016.11.08-00.46.43:370][554]LogGameState: Match State Changed from EnteringMap to WaitingToStart
[2016.11.08-00.46.43:370][554]PIE: Info Play in editor start time for /Game/Map/UEDPIE_0_Base -0.744
[2016.11.08-00.46.43:756][586]LogEditorViewport: Clicking on Actor (LMB): PaperTileMapActor (spreadsheet_TileMap)
[2016.11.08-00.46.46:336][856]LogGameMode: GameMode returned ReadyToStartMatch
[2016.11.08-00.46.46:337][856]LogGameMode:Display: Match State Changed from WaitingToStart to InProgress
[2016.11.08-00.46.46:337][856]LogGameState: Match State Changed from WaitingToStart to InProgress
[2016.11.08-00.48.09:107][815]LogPlayLevel: PlayLevel: No blueprints needed recompiling
[2016.11.08-00.48.09:107][815]PIE: New page: SIE session: Base (8 Nov 2016 00:48:09)
[2016.11.08-00.48.09:108][815]LogPlayLevel: Creating play world package: /Game/Map/UEDPIE_0_Base
[2016.11.08-00.48.09:108][815]LogPlayLevel: PIE: StaticDuplicateObject took: (0.000795s)
[2016.11.08-00.48.09:109][815]LogAIModule: Creating AISystem for world Base
[2016.11.08-00.48.09:109][815]LogPlayLevel: PIE: World Init took: (0.000747s)
[2016.11.08-00.48.09:109][815]LogPlayLevel: PIE: Created PIE world by copying editor world from /Game/Map/Base.Base to /Game/Map/UEDPIE_0_Base.Base (0.001738s)
[2016.11.08-00.48.09:131][815]LogInit: XAudio2 using 'Speakers (High Definition Audio Device)' : 2 channels at 48 kHz using 32 bits per sample (channel mask 0x3)
[2016.11.08-00.48.09:138][815]LogInit: FAudioDevice initialized.
[2016.11.08-00.48.09:166][815]LogWorld: Game class is 'GameController_C'
[2016.11.08-00.48.09:168][815]LogWorld: Bringing World /Game/Map/UEDPIE_0_Base.Base up for play (max tick rate 0) at 2016.11.08-00.48.09
[2016.11.08-00.48.09:169][815]LogWorld: Bringing up level for play took: 0.002154
[2016.11.08-00.48.09:170][815]LogGameMode:Display: Match State Changed from EnteringMap to WaitingToStart
[2016.11.08-00.48.09:170][815]LogGameState: Match State Changed from EnteringMap to WaitingToStart
[2016.11.08-00.48.09:170][815]PIE: Info Play in editor start time for /Game/Map/UEDPIE_0_Base 1.057
[2016.11.08-00.48.11:253][ 31]LogEditorViewport: Clicking on Actor (LMB): PaperTileMapActor (spreadsheet_TileMap)
[2016.11.08-00.48.16:521][626]LogPlayLevel: PlayLevel: No blueprints needed recompiling
[2016.11.08-00.48.16:521][626]PIE: New page: SIE session: Base (8 Nov 2016 00:48:16)
[2016.11.08-00.48.16:522][626]LogPlayLevel: Creating play world package: /Game/Map/UEDPIE_0_Base
[2016.11.08-00.48.16:522][626]LogPlayLevel: PIE: StaticDuplicateObject took: (0.000723s)
[2016.11.08-00.48.16:523][626]LogAIModule: Creating AISystem for world Base
[2016.11.08-00.48.16:523][626]LogPlayLevel: PIE: World Init took: (0.000674s)
[2016.11.08-00.48.16:523][626]LogPlayLevel: PIE: Created PIE world by copying editor world from /Game/Map/Base.Base to /Game/Map/UEDPIE_0_Base.Base (0.001574s)
[2016.11.08-00.48.16:546][626]LogInit: XAudio2 using 'Speakers (High Definition Audio Device)' : 2 channels at 48 kHz using 32 bits per sample (channel mask 0x3)
[2016.11.08-00.48.16:553][626]LogInit: FAudioDevice initialized.
[2016.11.08-00.48.16:583][626]LogWorld: Game class is 'GameController_C'
[2016.11.08-00.48.16:585][626]LogWorld: Bringing World /Game/Map/UEDPIE_0_Base.Base up for play (max tick rate 0) at 2016.11.08-00.48.16
[2016.11.08-00.48.16:585][626]LogWorld: Bringing up level for play took: 0.001596
[2016.11.08-00.48.16:586][626]LogGameMode:Display: Match State Changed from EnteringMap to WaitingToStart
[2016.11.08-00.48.16:586][626]LogGameState: Match State Changed from EnteringMap to WaitingToStart
[2016.11.08-00.48.16:586][626]PIE: Info Play in editor start time for /Game/Map/UEDPIE_0_Base 0.473
[2016.11.08-00.48.17:309][695]LogGameMode: GameMode returned ReadyToStartMatch
[2016.11.08-00.48.17:309][695]LogGameMode:Display: Match State Changed from WaitingToStart to InProgress
[2016.11.08-00.48.17:309][695]LogGameState: Match State Changed from WaitingToStart to InProgress
[2016.11.08-00.49.24:515][528]LogPlayLevel: PlayLevel: No blueprints needed recompiling
[2016.11.08-00.49.24:515][528]PIE: New page: SIE session: Base (8 Nov 2016 00:49:24)
[2016.11.08-00.49.24:515][528]LogPlayLevel: Creating play world package: /Game/Map/UEDPIE_0_Base
[2016.11.08-00.49.24:516][528]LogPlayLevel: PIE: StaticDuplicateObject took: (0.000738s)
[2016.11.08-00.49.24:517][528]LogAIModule: Creating AISystem for world Base
[2016.11.08-00.49.24:517][528]LogPlayLevel: PIE: World Init took: (0.000704s)
[2016.11.08-00.49.24:517][528]LogPlayLevel: PIE: Created PIE world by copying editor world from /Game/Map/Base.Base to /Game/Map/UEDPIE_0_Base.Base (0.001608s)
[2016.11.08-00.49.24:539][528]LogInit: XAudio2 using 'Speakers (High Definition Audio Device)' : 2 channels at 48 kHz using 32 bits per sample (channel mask 0x3)
[2016.11.08-00.49.24:546][528]LogInit: FAudioDevice initialized.
[2016.11.08-00.49.24:576][528]LogWorld: Game class is 'GameController_C'
[2016.11.08-00.49.24:578][528]LogWorld: Bringing World /Game/Map/UEDPIE_0_Base.Base up for play (max tick rate 0) at 2016.11.08-00.49.24
[2016.11.08-00.49.24:579][528]LogWorld: Bringing up level for play took: 0.001752
[2016.11.08-00.49.24:579][528]LogGameMode:Display: Match State Changed from EnteringMap to WaitingToStart
[2016.11.08-00.49.24:579][528]LogGameState: Match State Changed from EnteringMap to WaitingToStart
[2016.11.08-00.49.24:580][528]PIE: Info Play in editor start time for /Game/Map/UEDPIE_0_Base 0.466
[2016.11.08-00.49.27:488][863]LogPlayLevel: PlayLevel: No blueprints needed recompiling
[2016.11.08-00.49.27:488][863]PIE: New page: SIE session: Base (8 Nov 2016 00:49:27)
[2016.11.08-00.49.27:488][863]LogPlayLevel: Creating play world package: /Game/Map/UEDPIE_0_Base
[2016.11.08-00.49.27:489][863]LogPlayLevel: PIE: StaticDuplicateObject took: (0.000713s)
[2016.11.08-00.49.27:490][863]LogAIModule: Creating AISystem for world Base
[2016.11.08-00.49.27:490][863]LogPlayLevel: PIE: World Init took: (0.000659s)
[2016.11.08-00.49.27:490][863]LogPlayLevel: PIE: Created PIE world by copying editor world from /Game/Map/Base.Base to /Game/Map/UEDPIE_0_Base.Base (0.001541s)
[2016.11.08-00.49.27:514][863]LogInit: XAudio2 using 'Speakers (High Definition Audio Device)' : 2 channels at 48 kHz using 32 bits per sample (channel mask 0x3)
[2016.11.08-00.49.27:521][863]LogInit: FAudioDevice initialized.
[2016.11.08-00.49.27:552][863]LogWorld: Game class is 'GameController_C'
[2016.11.08-00.49.27:554][863]LogWorld: Bringing World /Game/Map/UEDPIE_0_Base.Base up for play (max tick rate 0) at 2016.11.08-00.49.27
[2016.11.08-00.49.27:555][863]LogWorld: Bringing up level for play took: 0.001628
[2016.11.08-00.49.27:555][863]LogGameMode:Display: Match State Changed from EnteringMap to WaitingToStart
[2016.11.08-00.49.27:556][863]LogGameState: Match State Changed from EnteringMap to WaitingToStart
[2016.11.08-00.49.27:556][863]PIE: Info Play in editor start time for /Game/Map/UEDPIE_0_Base -0.558
[2016.11.08-00.49.28:157][932]LogGameMode: GameMode returned ReadyToStartMatch
[2016.11.08-00.49.28:157][932]LogGameMode:Display: Match State Changed from WaitingToStart to InProgress
[2016.11.08-00.49.28:157][932]LogGameState: Match State Changed from WaitingToStart to InProgress
[2016.11.08-00.49.45:722][238]LogLinker:Warning: Can't find file '/Game/Art/Textures/ayy'
[2016.11.08-00.49.45:722][238]LogLinker:Warning: Can't find file for asset '/Game/Art/Textures/ayy' while loading E:/Unreal Project Boredom Warrior/Boredom_Warrior/Content/Art/Textures/ayy_Sprite_0.uasset.
[2016.11.08-00.49.45:722][238]LoadErrors:Error: Error /Game/Art/Textures/ayy_Sprite_0 : Can't find file for asset. /Game/Art/Textures/ayy
[2016.11.08-00.49.45:722][238]LogLinker:Warning: Can't find file '/Game/Art/Textures/ayy'
[2016.11.08-00.49.45:722][238]LogLinker:Warning: Can't find file for asset '/Game/Art/Textures/ayy' while loading E:/Unreal Project Boredom Warrior/Boredom_Warrior/Content/Art/Textures/ayy_Sprite_0.uasset.
[2016.11.08-00.49.45:723][238]LogLinker:Warning: Can't find file '/Game/Art/Textures/ayy'
[2016.11.08-00.49.45:723][238]LoadErrors: Info Failed to load /Game/Art/Textures/ayy.ayy Referenced by ayy_Sprite_0
[2016.11.08-00.49.45:723][238]LogLinker:Warning: Can't find file for asset '/Game/Art/Textures/ayy' while loading NULL.
[2016.11.08-00.49.48:189][413]LogLinker:Warning: Can't find file '/Game/Art/Textures/ayy'
[2016.11.08-00.49.48:189][413]LogLinker:Warning: Can't find file for asset '/Game/Art/Textures/ayy' while loading E:/Unreal Project Boredom Warrior/Boredom_Warrior/Content/Art/Textures/ayy_Sprite_1.uasset.
[2016.11.08-00.49.48:189][413]LoadErrors:Error: Error /Game/Art/Textures/ayy_Sprite_1 : Can't find file for asset. /Game/Art/Textures/ayy
[2016.11.08-00.49.48:189][413]LogLinker:Warning: Can't find file '/Game/Art/Textures/ayy'
[2016.11.08-00.49.48:189][413]LogLinker:Warning: Can't find file for asset '/Game/Art/Textures/ayy' while loading E:/Unreal Project Boredom Warrior/Boredom_Warrior/Content/Art/Textures/ayy_Sprite_1.uasset.
[2016.11.08-00.49.48:189][413]LogLinker:Warning: Can't find file '/Game/Art/Textures/ayy'
[2016.11.08-00.49.48:189][413]LoadErrors: Info Failed to load /Game/Art/Textures/ayy.ayy Referenced by ayy_Sprite_1
[2016.11.08-00.49.48:190][413]LogLinker:Warning: Can't find file for asset '/Game/Art/Textures/ayy' while loading NULL.
[2016.11.08-00.49.51:300][618]LogContentBrowser: Native class hierarchy updated for 'TextureEditor' in 0.0006 seconds. Added 1 classes and 2 folders.
[2016.11.08-00.49.53:271][805]LogPlayLevel: PlayLevel: No blueprints needed recompiling
[2016.11.08-00.49.53:272][805]PIE: New page: SIE session: Base (8 Nov 2016 00:49:53)
[2016.11.08-00.49.53:272][805]LogPlayLevel: Creating play world package: /Game/Map/UEDPIE_0_Base
[2016.11.08-00.49.53:272][805]LogPlayLevel: PIE: StaticDuplicateObject took: (0.000704s)
[2016.11.08-00.49.53:273][805]LogAIModule: Creating AISystem for world Base
[2016.11.08-00.49.53:273][805]LogPlayLevel: PIE: World Init took: (0.000661s)
[2016.11.08-00.49.53:273][805]LogPlayLevel: PIE: Created PIE world by copying editor world from /Game/Map/Base.Base to /Game/Map/UEDPIE_0_Base.Base (0.001565s)
[2016.11.08-00.49.53:296][805]LogInit: XAudio2 using 'Speakers (High Definition Audio Device)' : 2 channels at 48 kHz using 32 bits per sample (channel mask 0x3)
[2016.11.08-00.49.53:303][805]LogInit: FAudioDevice initialized.
[2016.11.08-00.49.53:335][805]LogWorld: Game class is 'GameController_C'
[2016.11.08-00.49.53:337][805]LogWorld: Bringing World /Game/Map/UEDPIE_0_Base.Base up for play (max tick rate 0) at 2016.11.08-00.49.53
[2016.11.08-00.49.53:337][805]LogWorld: Bringing up level for play took: 0.001654
[2016.11.08-00.49.53:338][805]LogGameMode:Display: Match State Changed from EnteringMap to WaitingToStart
[2016.11.08-00.49.53:338][805]LogGameState: Match State Changed from EnteringMap to WaitingToStart
[2016.11.08-00.49.53:338][805]PIE: Info Play in editor start time for /Game/Map/UEDPIE_0_Base -0.775
[2016.11.08-00.49.53:857][864]LogGameMode: GameMode returned ReadyToStartMatch
[2016.11.08-00.49.53:857][864]LogGameMode:Display: Match State Changed from WaitingToStart to InProgress
[2016.11.08-00.49.53:857][864]LogGameState: Match State Changed from WaitingToStart to InProgress
[2016.11.08-00.50.42:995][ 48]LogFactory: FactoryCreateFile: Texture with ReimportTextureFactory (0 0 E:/Boredom Warrior Photshop assets/player_character_right.png)
[2016.11.08-00.50.43:110][ 48]LogTexture:Display: Building textures: player_character_right (BGRA8)
[2016.11.08-00.51.16:452][747]LogRenderer: Reallocating scene render targets to support 1208x832 (Frame:31090).
[2016.11.08-00.52.46:918][  5]LogSavePackage: Save=7.23ms
[2016.11.08-00.52.46:918][  5]LogSavePackage: Moving 'E:/Unreal Project Boredom Warrior/Boredom_Warrior/Saved/player_character_right_walking_right438362EB4AB61494015E02A9D7950BE3.tmp' to 'E:/Unreal Project Boredom Warrior/Boredom_Warrior/Content/Art/Flipbooks/player_character_right_walking_right.uasset'
[2016.11.08-00.52.46:919][  5]LogSavePackage:Display: Finished SavePackage E:/Unreal Project Boredom Warrior/Boredom_Warrior/Content/Art/Flipbooks/player_character_right_walking_right.uasset
[2016.11.08-00.53.06:469][665]Cmd: OBJ SAVEPACKAGE PACKAGE="/Game/Art/Flipbooks/f_walking_right" FILE="E:/Unreal Project Boredom Warrior/Boredom_Warrior/Content/Art/Flipbooks/f_walking_right.uasset" SILENT=true
[2016.11.08-00.53.06:477][665]LogSavePackage: Save=6.69ms
[2016.11.08-00.53.06:477][665]LogSavePackage: Moving 'E:/Unreal Project Boredom Warrior/Boredom_Warrior/Saved/f_walking_right0ABE1E9941E3DE32B2210A866B64D511.tmp' to 'E:/Unreal Project Boredom Warrior/Boredom_Warrior/Content/Art/Flipbooks/f_walking_right.uasset'
[2016.11.08-00.53.06:478][665]LogSavePackage:Display: Finished SavePackage E:/Unreal Project Boredom Warrior/Boredom_Warrior/Content/Art/Flipbooks/f_walking_right.uasset
[2016.11.08-00.54.30:221][797]Cmd: OBJ SAVEPACKAGE PACKAGE="/Game/Art/Flipbooks/f_walking_right" FILE="E:/Unreal Project Boredom Warrior/Boredom_Warrior/Content/Art/Flipbooks/f_walking_right.uasset" SILENT=true
[2016.11.08-00.54.30:234][797]LogSavePackage: Save=7.73ms
[2016.11.08-00.54.30:234][797]LogSavePackage: Moving 'E:/Unreal Project Boredom Warrior/Boredom_Warrior/Saved/f_walking_rightE929DDCF4E6EC09050DCF3890E93273E.tmp' to 'E:/Unreal Project Boredom Warrior/Boredom_Warrior/Content/Art/Flipbooks/f_walking_right.uasset'
[2016.11.08-00.54.30:235][797]LogSavePackage:Display: Finished SavePackage E:/Unreal Project Boredom Warrior/Boredom_Warrior/Content/Art/Flipbooks/f_walking_right.uasset
[2016.11.08-00.54.33:597][105]Cmd: OBJ SAVEPACKAGE PACKAGE="/Game/Art/Flipbooks/f_walking_right" FILE="E:/Unreal Project Boredom Warrior/Boredom_Warrior/Content/Art/Flipbooks/f_walking_right.uasset" SILENT=true
[2016.11.08-00.54.33:606][105]LogSavePackage: Save=6.53ms
[2016.11.08-00.54.33:606][105]LogSavePackage: Moving 'E:/Unreal Project Boredom Warrior/Boredom_Warrior/Saved/f_walking_right3DB18DB14F4637E23901D48624277739.tmp' to 'E:/Unreal Project Boredom Warrior/Boredom_Warrior/Content/Art/Flipbooks/f_walking_right.uasset'
[2016.11.08-00.54.33:607][105]LogSavePackage:Display: Finished SavePackage E:/Unreal Project Boredom Warrior/Boredom_Warrior/Content/Art/Flipbooks/f_walking_right.uasset
[2016.11.08-00.57.39:858][557]LogFileHelpers: Editor autosave (incl. sublevels) for '/Game/Map/Base' took 0.023
[2016.11.08-00.57.39:860][557]OBJ SavePackage: Generating thumbnails for [0] asset(s) in package [/Game/Blueprints/Player] ([1] browsable assets)...
[2016.11.08-00.57.39:860][557]OBJ SavePackage: Finished generating thumbnails for package [/Game/Blueprints/Player]
[2016.11.08-00.57.39:860][557]Cmd: OBJ SAVEPACKAGE PACKAGE="/Game/Blueprints/Player" FILE="E:/Unreal Project Boredom Warrior/Boredom_Warrior/Saved/Autosaves/Game/Blueprints/Player_Auto1.uasset" SILENT=false AUTOSAVING=true
[2016.11.08-00.57.39:913][557]LogSavePackage: Save=46.65ms
[2016.11.08-00.57.39:913][557]LogSavePackage: Moving 'E:/Unreal Project Boredom Warrior/Boredom_Warrior/Saved/Player_Auto130CF5244491B5F1298F6298094ECB87F.tmp' to 'E:/Unreal Project Boredom Warrior/Boredom_Warrior/Saved/Autosaves/Game/Blueprints/Player_Auto1.uasset'
[2016.11.08-00.57.39:915][557]LogSavePackage:Display: Finished SavePackage E:/Unreal Project Boredom Warrior/Boredom_Warrior/Saved/Autosaves/Game/Blueprints/Player_Auto1.uasset
[2016.11.08-00.57.39:919][557]LogSavePackage: Save=2.54ms
[2016.11.08-00.57.39:919][557]LogSavePackage: Moving 'E:/Unreal Project Boredom Warrior/Boredom_Warrior/Saved/player_character_right_walking_right_Auto18F4F8D4248D96296B3FDD18CF1FE6F96.tmp' to 'E:/Unreal Project Boredom Warrior/Boredom_Warrior/Saved/Autosaves/Game/Art/Textures/player_character_right_walking_right_Auto1.uasset'
[2016.11.08-00.57.39:919][557]LogSavePackage:Display: Finished SavePackage E:/Unreal Project Boredom Warrior/Boredom_Warrior/Saved/Autosaves/Game/Art/Textures/player_character_right_walking_right_Auto1.uasset
[2016.11.08-00.57.39:920][557]OBJ SavePackage: Generating thumbnails for [1] asset(s) in package [/Game/Art/Textures/player_character_right] ([1] browsable assets)...
[2016.11.08-00.57.39:923][557]OBJ SavePackage:     Rendered thumbnail for [Texture2D /Game/Art/Textures/player_character_right.player_character_right]
[2016.11.08-00.57.39:923][557]OBJ SavePackage: Finished generating thumbnails for package [/Game/Art/Textures/player_character_right]
[2016.11.08-00.57.39:933][557]LogSavePackage: Save=9.04ms
[2016.11.08-00.57.39:933][557]LogSavePackage: Moving 'E:/Unreal Project Boredom Warrior/Boredom_Warrior/Saved/player_character_right_Auto105DC91B44A8C89D3B12510A583B506FA.tmp' to 'E:/Unreal Project Boredom Warrior/Boredom_Warrior/Saved/Autosaves/Game/Art/Textures/player_character_right_Auto1.uasset'
[2016.11.08-00.57.39:933][557]LogSavePackage:Display: Finished SavePackage E:/Unreal Project Boredom Warrior/Boredom_Warrior/Saved/Autosaves/Game/Art/Textures/player_character_right_Auto1.uasset
[2016.11.08-00.57.39:934][557]OBJ SavePackage: Generating thumbnails for [1] asset(s) in package [/Game/Art/Textures/player_character_right_walking_right_2] ([1] browsable assets)...
[2016.11.08-00.57.39:943][557]OBJ SavePackage:     Rendered thumbnail for [PaperSprite /Game/Art/Textures/player_character_right_walking_right_2.player_character_right_walking_right_2]
[2016.11.08-00.57.39:943][557]OBJ SavePackage: Finished generating thumbnails for package [/Game/Art/Textures/player_character_right_walking_right_2]
[2016.11.08-00.57.39:954][557]LogSavePackage: Save=8.91ms
[2016.11.08-00.57.39:954][557]LogSavePackage: Moving 'E:/Unreal Project Boredom Warrior/Boredom_Warrior/Saved/player_character_right_walking_right_2_Auto107CECD3D43DA1C9D508DC886DE6945B1.tmp' to 'E:/Unreal Project Boredom Warrior/Boredom_Warrior/Saved/Autosaves/Game/Art/Textures/player_character_right_walking_right_2_Auto1.uasset'
[2016.11.08-00.57.39:954][557]LogSavePackage:Display: Finished SavePackage E:/Unreal Project Boredom Warrior/Boredom_Warrior/Saved/Autosaves/Game/Art/Textures/player_character_right_walking_right_2_Auto1.uasset
[2016.11.08-00.57.39:955][557]OBJ SavePackage: Generating thumbnails for [1] asset(s) in package [/Game/Art/Textures/player_character_right_walking_right_3] ([1] browsable assets)...
[2016.11.08-00.57.39:964][557]OBJ SavePackage:     Rendered thumbnail for [PaperSprite /Game/Art/Textures/player_character_right_walking_right_3.player_character_right_walking_right_3]
[2016.11.08-00.57.39:964][557]OBJ SavePackage: Finished generating thumbnails for package [/Game/Art/Textures/player_character_right_walking_right_3]
[2016.11.08-00.57.39:973][557]LogSavePackage: Save=7.78ms
[2016.11.08-00.57.39:973][557]LogSavePackage: Moving 'E:/Unreal Project Boredom Warrior/Boredom_Warrior/Saved/player_character_right_walking_right_3_Auto1CCB6256440D61C22136CAF8D907B3711.tmp' to 'E:/Unreal Project Boredom Warrior/Boredom_Warrior/Saved/Autosaves/Game/Art/Textures/player_character_right_walking_right_3_Auto1.uasset'
[2016.11.08-00.57.39:974][557]LogSavePackage:Display: Finished SavePackage E:/Unreal Project Boredom Warrior/Boredom_Warrior/Saved/Autosaves/Game/Art/Textures/player_character_right_walking_right_3_Auto1.uasset
[2016.11.08-00.57.39:974][557]OBJ SavePackage: Generating thumbnails for [1] asset(s) in package [/Game/Art/Textures/player_character_right_walking_right_4] ([1] browsable assets)...
[2016.11.08-00.57.39:986][557]OBJ SavePackage:     Rendered thumbnail for [PaperSprite /Game/Art/Textures/player_character_right_walking_right_4.player_character_right_walking_right_4]
[2016.11.08-00.57.39:986][557]OBJ SavePackage: Finished generating thumbnails for package [/Game/Art/Textures/player_character_right_walking_right_4]
[2016.11.08-00.57.39:996][557]LogSavePackage: Save=8.56ms
[2016.11.08-00.57.39:996][557]LogSavePackage: Moving 'E:/Unreal Project Boredom Warrior/Boredom_Warrior/Saved/player_character_right_walking_right_4_Auto167DBA24A4D8D50DB7C0DD1B5A3157619.tmp' to 'E:/Unreal Project Boredom Warrior/Boredom_Warrior/Saved/Autosaves/Game/Art/Textures/player_character_right_walking_right_4_Auto1.uasset'
[2016.11.08-00.57.39:996][557]LogSavePackage:Display: Finished SavePackage E:/Unreal Project Boredom Warrior/Boredom_Warrior/Saved/Autosaves/Game/Art/Textures/player_character_right_walking_right_4_Auto1.uasset
[2016.11.08-00.57.39:997][557]OBJ SavePackage: Generating thumbnails for [1] asset(s) in package [/Game/Art/Textures/player_character_right_walking_right_5] ([1] browsable assets)...
[2016.11.08-00.57.40:005][557]OBJ SavePackage:     Rendered thumbnail for [PaperSprite /Game/Art/Textures/player_character_right_walking_right_5.player_character_right_walking_right_5]
[2016.11.08-00.57.40:005][557]OBJ SavePackage: Finished generating thumbnails for package [/Game/Art/Textures/player_character_right_walking_right_5]
[2016.11.08-00.57.40:014][557]LogSavePackage: Save=7.39ms
[2016.11.08-00.57.40:014][557]LogSavePackage: Moving 'E:/Unreal Project Boredom Warrior/Boredom_Warrior/Saved/player_character_right_walking_right_5_Auto1AB3D3B394F70C2E4EAFEFFBDC06B9617.tmp' to 'E:/Unreal Project Boredom Warrior/Boredom_Warrior/Saved/Autosaves/Game/Art/Textures/player_character_right_walking_right_5_Auto1.uasset'
[2016.11.08-00.57.40:014][557]LogSavePackage:Display: Finished SavePackage E:/Unreal Project Boredom Warrior/Boredom_Warrior/Saved/Autosaves/Game/Art/Textures/player_character_right_walking_right_5_Auto1.uasset
[2016.11.08-00.57.40:014][557]LogFileHelpers: Auto-saving content packages took 0.155
[2016.11.08-00.59.53:482][ 53]BlueprintLog: New page: Pre-Play auto-recompile
[2016.11.08-00.59.53:482][ 53]LogPlayLevel: [PlayLevel] Compiling Player before play...
[2016.11.08-00.59.53:670][ 53]LogPlayLevel: PlayLevel: Blueprint regeneration took 188 ms (1 blueprints)
[2016.11.08-00.59.53:670][ 53]PIE: New page: SIE session: Base (8 Nov 2016 00:59:53)
[2016.11.08-00.59.53:671][ 53]LogPlayLevel: Creating play world package: /Game/Map/UEDPIE_0_Base
[2016.11.08-00.59.53:671][ 53]LogPlayLevel: PIE: StaticDuplicateObject took: (0.000732s)
[2016.11.08-00.59.53:672][ 53]LogAIModule: Creating AISystem for world Base
[2016.11.08-00.59.53:672][ 53]LogPlayLevel: PIE: World Init took: (0.000839s)
[2016.11.08-00.59.53:672][ 53]LogPlayLevel: PIE: Created PIE world by copying editor world from /Game/Map/Base.Base to /Game/Map/UEDPIE_0_Base.Base (0.001795s)
[2016.11.08-00.59.53:695][ 53]LogInit: XAudio2 using 'Speakers (High Definition Audio Device)' : 2 channels at 48 kHz using 32 bits per sample (channel mask 0x3)
[2016.11.08-00.59.53:703][ 53]LogInit: FAudioDevice initialized.
[2016.11.08-00.59.53:734][ 53]LogWorld: Game class is 'GameController_C'
[2016.11.08-00.59.53:736][ 53]LogWorld: Bringing World /Game/Map/UEDPIE_0_Base.Base up for play (max tick rate 0) at 2016.11.08-00.59.53
[2016.11.08-00.59.53:736][ 53]LogWorld: Bringing up level for play took: 0.001860
[2016.11.08-00.59.53:737][ 53]LogGameMode:Display: Match State Changed from EnteringMap to WaitingToStart
[2016.11.08-00.59.53:737][ 53]LogGameState: Match State Changed from EnteringMap to WaitingToStart
[2016.11.08-00.59.53:737][ 53]PIE: Info Play in editor start time for /Game/Map/UEDPIE_0_Base -0.376
[2016.11.08-00.59.55:529][211]LogEditorViewport: Clicking on Actor (LMB): PaperTileMapActor (spreadsheet_TileMap)
[2016.11.08-00.59.56:251][276]LogGameMode: GameMode returned ReadyToStartMatch
[2016.11.08-00.59.56:251][276]LogGameMode:Display: Match State Changed from WaitingToStart to InProgress
[2016.11.08-00.59.56:251][276]LogGameState: Match State Changed from WaitingToStart to InProgress
[2016.11.08-01.00.30:386][358]Cmd: SELECT NONE
[2016.11.08-01.00.30:993][430]Cmd: SELECT NONE
[2016.11.08-01.00.32:047][553]Cmd: OBJ SAVEPACKAGE PACKAGE="/Game/Blueprints/Player" FILE="E:/Unreal Project Boredom Warrior/Boredom_Warrior/Content/Blueprints/Player.uasset" SILENT=true
[2016.11.08-01.00.32:099][553]LogSavePackage: Save=47.83ms
[2016.11.08-01.00.32:099][553]LogSavePackage: Moving 'E:/Unreal Project Boredom Warrior/Boredom_Warrior/Saved/Player9BC2398C4C2D1E181F4F23A93BCDBF98.tmp' to 'E:/Unreal Project Boredom Warrior/Boredom_Warrior/Content/Blueprints/Player.uasset'
[2016.11.08-01.00.32:105][553]LogSavePackage:Display: Finished SavePackage E:/Unreal Project Boredom Warrior/Boredom_Warrior/Content/Blueprints/Player.uasset
[2016.11.08-01.00.32:113][553]LogSavePackage: Save=3.54ms
[2016.11.08-01.00.32:113][553]LogSavePackage: Moving 'E:/Unreal Project Boredom Warrior/Boredom_Warrior/Saved/player_character_right_walking_rightD453D2724FD746D5C3CDD78C2D52F137.tmp' to 'E:/Unreal Project Boredom Warrior/Boredom_Warrior/Content/Art/Textures/player_character_right_walking_right.uasset'
[2016.11.08-01.00.32:117][553]LogSavePackage:Display: Finished SavePackage E:/Unreal Project Boredom Warrior/Boredom_Warrior/Content/Art/Textures/player_character_right_walking_right.uasset
[2016.11.08-01.00.32:123][553]Cmd: OBJ SAVEPACKAGE PACKAGE="/Game/Art/Textures/player_character_right" FILE="E:/Unreal Project Boredom Warrior/Boredom_Warrior/Content/Art/Textures/player_character_right.uasset" SILENT=true
[2016.11.08-01.00.32:254][553]LogSavePackage: Save=130.12ms
[2016.11.08-01.00.32:254][553]LogSavePackage: Moving 'E:/Unreal Project Boredom Warrior/Boredom_Warrior/Saved/player_character_right3C6D26234EFAD4D3D42C6EA7ADF40714.tmp' to 'E:/Unreal Project Boredom Warrior/Boredom_Warrior/Content/Art/Textures/player_character_right.uasset'
[2016.11.08-01.00.32:259][553]LogSavePackage:Display: Finished SavePackage E:/Unreal Project Boredom Warrior/Boredom_Warrior/Content/Art/Textures/player_character_right.uasset
[2016.11.08-01.00.32:285][553]LogSavePackage: Save=7.49ms
[2016.11.08-01.00.32:285][553]LogSavePackage: Moving 'E:/Unreal Project Boredom Warrior/Boredom_Warrior/Saved/player_character_right_walking_right_28098CD3E44C045F03D0E42913D155C9F.tmp' to 'E:/Unreal Project Boredom Warrior/Boredom_Warrior/Content/Art/Textures/player_character_right_walking_right_2.uasset'
[2016.11.08-01.00.32:289][553]LogSavePackage:Display: Finished SavePackage E:/Unreal Project Boredom Warrior/Boredom_Warrior/Content/Art/Textures/player_character_right_walking_right_2.uasset
[2016.11.08-01.00.32:315][553]LogSavePackage: Save=8.00ms
[2016.11.08-01.00.32:315][553]LogSavePackage: Moving 'E:/Unreal Project Boredom Warrior/Boredom_Warrior/Saved/player_character_right_walking_right_3431C444C4CFA7BAD8FA8509FDFA936D2.tmp' to 'E:/Unreal Project Boredom Warrior/Boredom_Warrior/Content/Art/Textures/player_character_right_walking_right_3.uasset'
[2016.11.08-01.00.32:319][553]LogSavePackage:Display: Finished SavePackage E:/Unreal Project Boredom Warrior/Boredom_Warrior/Content/Art/Textures/player_character_right_walking_right_3.uasset
[2016.11.08-01.00.32:349][553]LogSavePackage: Save=9.09ms
[2016.11.08-01.00.32:349][553]LogSavePackage: Moving 'E:/Unreal Project Boredom Warrior/Boredom_Warrior/Saved/player_character_right_walking_right_412EDA7FE4ED550050396B5843FA8C0B5.tmp' to 'E:/Unreal Project Boredom Warrior/Boredom_Warrior/Content/Art/Textures/player_character_right_walking_right_4.uasset'
[2016.11.08-01.00.32:351][553]LogSavePackage:Display: Finished SavePackage E:/Unreal Project Boredom Warrior/Boredom_Warrior/Content/Art/Textures/player_character_right_walking_right_4.uasset
[2016.11.08-01.00.32:378][553]LogSavePackage: Save=8.28ms
[2016.11.08-01.00.32:378][553]LogSavePackage: Moving 'E:/Unreal Project Boredom Warrior/Boredom_Warrior/Saved/player_character_right_walking_right_5673D46D84F23E6B2EDA814BC8826C739.tmp' to 'E:/Unreal Project Boredom Warrior/Boredom_Warrior/Content/Art/Textures/player_character_right_walking_right_5.uasset'
[2016.11.08-01.00.32:381][553]LogSavePackage:Display: Finished SavePackage E:/Unreal Project Boredom Warrior/Boredom_Warrior/Content/Art/Textures/player_character_right_walking_right_5.uasset
[2016.11.08-01.00.34:546][807]Cmd: OBJ SAVEPACKAGE PACKAGE="/Game/Map/Base" FILE="E:/Unreal Project Boredom Warrior/Boredom_Warrior/Content/Map/Base.umap" SILENT=true AUTOSAVING=false KEEPDIRTY=false
[2016.11.08-01.00.34:575][807]LogSavePackage: Save=11.91ms
[2016.11.08-01.00.34:575][807]LogSavePackage: Moving 'E:/Unreal Project Boredom Warrior/Boredom_Warrior/Saved/Base67F09F1F4CEFFFDBEF73F18A6B6EB901.tmp' to 'E:/Unreal Project Boredom Warrior/Boredom_Warrior/Content/Map/Base.umap'
[2016.11.08-01.00.34:575][807]LogSavePackage:Display: Finished SavePackage E:/Unreal Project Boredom Warrior/Boredom_Warrior/Content/Map/Base.umap
[2016.11.08-01.00.35:819][946]LogWindowsTextInputMethodSystem:Display: IME system now deactivated.
[2016.11.08-01.00.35:991][947]Cmd: QUIT_EDITOR
[2016.11.08-01.00.36:101][947]LogExit: Preparing to exit.
[2016.11.08-01.00.36:823][947]LogExit: Editor shut down
[2016.11.08-01.00.36:824][947]LogExit: Transaction tracking system shut down
[2016.11.08-01.00.36:975][947]LogObj: Freed 0b from 0 cluster array pools.
[2016.11.08-01.00.36:975][947]LogExit: Object subsystem successfully closed.
[2016.11.08-01.00.36:987][947]LogD3D11RHI: Shutdown
[2016.11.08-01.00.36:987][947]LogD3D11RHI: CleanupD3DDevice
[2016.11.08-01.00.37:049][947]LogD3D11RHI: ~FD3D11DynamicRHI
[2016.11.08-01.00.37:061][947]LogModuleManager: Shutting down and abandoning module TextureEditor (237)
[2016.11.08-01.00.37:061][947]LogModuleManager: Shutting down and abandoning module BlueprintGraph (236)
[2016.11.08-01.00.37:061][947]LogModuleManager: Shutting down and abandoning module BlueprintProfiler (235)
[2016.11.08-01.00.37:061][947]LogModuleManager: Shutting down and abandoning module MovieSceneCapture (234)
[2016.11.08-01.00.37:061][947]LogModuleManager: Shutting down and abandoning module HierarchicalLODOutliner (233)
[2016.11.08-01.00.37:061][947]LogModuleManager: Shutting down and abandoning module CrashTracker (232)
[2016.11.08-01.00.37:061][947]LogModuleManager: Shutting down and abandoning module SceneOutliner (231)
[2016.11.08-01.00.37:061][947]LogModuleManager: Shutting down and abandoning module WidgetCarousel (230)
[2016.11.08-01.00.37:062][947]LogModuleManager: Shutting down and abandoning module AddContentDialog (229)
[2016.11.08-01.00.37:062][947]LogDirectoryWatcher: A directory notification for 'C:/Program Files (x86)/Epic Games/4.13/FeaturePacks/' was aborted.
[2016.11.08-01.00.37:063][947]LogModuleManager: Shutting down and abandoning module GameplayTags (228)
[2016.11.08-01.00.37:063][947]LogModuleManager: Shutting down and abandoning module EditorWidgets (227)
[2016.11.08-01.00.37:063][947]LogModuleManager: Shutting down and abandoning module CollectionManager (226)
[2016.11.08-01.00.37:064][947]LogDirectoryWatcher: A directory notification for 'E:/Unreal Project Boredom Warrior/Boredom_Warrior/Content/Collections/' was aborted.
[2016.11.08-01.00.37:064][947]LogDirectoryWatcher: A directory notification for 'E:/Unreal Project Boredom Warrior/Boredom_Warrior/Content/Developers/iAxX/Collections/' was aborted.
[2016.11.08-01.00.37:064][947]LogDirectoryWatcher: A directory notification for 'E:/Unreal Project Boredom Warrior/Boredom_Warrior/Saved/Collections/' was aborted.
[2016.11.08-01.00.37:064][947]LogModuleManager: Shutting down and abandoning module StatsViewer (225)
[2016.11.08-01.00.37:064][947]LogModuleManager: Shutting down and abandoning module FoliageEdit (224)
[2016.11.08-01.00.37:064][947]LogModuleManager: Shutting down and abandoning module LandscapeEditor (223)
[2016.11.08-01.00.37:064][947]LogModuleManager: Shutting down and abandoning module SceneDepthPickerMode (222)
[2016.11.08-01.00.37:064][947]LogModuleManager: Shutting down and abandoning module ActorPickerMode (221)
[2016.11.08-01.00.37:064][947]LogModuleManager: Shutting down and abandoning module GeometryMode (220)
[2016.11.08-01.00.37:064][947]LogModuleManager: Shutting down and abandoning module TextureAlignMode (219)
[2016.11.08-01.00.37:064][947]LogModuleManager: Shutting down and abandoning module BspMode (218)
[2016.11.08-01.00.37:064][947]LogModuleManager: Shutting down and abandoning module HardwareSurvey (217)
[2016.11.08-01.00.37:064][947]LogModuleManager: Shutting down and abandoning module SequenceRecorderSections (216)
[2016.11.08-01.00.37:064][947]LogModuleManager: Shutting down and abandoning module SequenceRecorder (215)
[2016.11.08-01.00.37:064][947]LogModuleManager: Shutting down and abandoning module AutomationWorker (214)
[2016.11.08-01.00.37:064][947]LogModuleManager: Shutting down and abandoning module MatineeToLevelSequence (213)
[2016.11.08-01.00.37:064][947]LogModuleManager: Shutting down and abandoning module PlacementMode (212)
[2016.11.08-01.00.37:064][947]LogModuleManager: Shutting down and abandoning module LevelSequenceEditor (211)
[2016.11.08-01.00.37:064][947]LogModuleManager: Shutting down and abandoning module WmfMediaFactory (210)
[2016.11.08-01.00.37:064][947]LogModuleManager: Shutting down and abandoning module WmfMediaEditor (209)
[2016.11.08-01.00.37:064][947]LogModuleManager: Shutting down and abandoning module AvfMediaFactory (208)
[2016.11.08-01.00.37:064][947]LogModuleManager: Shutting down and abandoning module AvfMediaEditor (207)
[2016.11.08-01.00.37:064][947]LogModuleManager: Shutting down and abandoning module Media (206)
[2016.11.08-01.00.37:064][947]LogModuleManager: Shutting down and abandoning module AndroidMediaFactory (205)
[2016.11.08-01.00.37:064][947]LogModuleManager: Shutting down and abandoning module AndroidMediaEditor (204)
[2016.11.08-01.00.37:064][947]LogModuleManager: Shutting down and abandoning module CharacterAI (203)
[2016.11.08-01.00.37:064][947]LogModuleManager: Shutting down and abandoning module SmartSnapping (202)
[2016.11.08-01.00.37:064][947]LogModuleManager: Shutting down and abandoning module SessionServices (201)
[2016.11.08-01.00.37:064][947]LogModuleManager: Shutting down and abandoning module ViewportSnapping (200)
[2016.11.08-01.00.37:064][947]LogModuleManager: Shutting down and abandoning module ViewportInteraction (199)
[2016.11.08-01.00.37:064][947]LogModuleManager: Shutting down and abandoning module LogVisualizer (198)
[2016.11.08-01.00.37:065][947]LogModuleManager: Shutting down and abandoning module GameProjectGeneration (197)
[2016.11.08-01.00.37:065][947]LogModuleManager: Shutting down and abandoning module IntroTutorials (196)
[2016.11.08-01.00.37:065][947]LogModuleManager: Shutting down and abandoning module EditorLiveStreaming (195)
[2016.11.08-01.00.37:065][947]LogModuleManager: Shutting down and abandoning module IOSPlatformEditor (194)
[2016.11.08-01.00.37:065][947]LogModuleManager: Shutting down and abandoning module HTML5PlatformEditor (193)
[2016.11.08-01.00.37:065][947]LogModuleManager: Shutting down and abandoning module AndroidDeviceDetection (192)
[2016.11.08-01.00.37:538][947]LogModuleManager: Shutting down and abandoning module AndroidPlatformEditor (191)
[2016.11.08-01.00.37:538][947]LogModuleManager: Shutting down and abandoning module IOSRuntimeSettings (190)
[2016.11.08-01.00.37:538][947]LogModuleManager: Shutting down and abandoning module AndroidRuntimeSettings (189)
[2016.11.08-01.00.37:538][947]LogModuleManager: Shutting down and abandoning module NiagaraEditor (188)
[2016.11.08-01.00.37:538][947]LogModuleManager: Shutting down and abandoning module MergeActors (187)
[2016.11.08-01.00.37:538][947]LogModuleManager: Shutting down and abandoning module SizeMap (186)
[2016.11.08-01.00.37:538][947]LogModuleManager: Shutting down and abandoning module TreeMap (185)
[2016.11.08-01.00.37:538][947]LogModuleManager: Shutting down and abandoning module ReferenceViewer (184)
[2016.11.08-01.00.37:538][947]LogModuleManager: Shutting down and abandoning module LocalizationService (183)
[2016.11.08-01.00.37:538][947]LogModuleManager: Shutting down and abandoning module LocalizationDashboard (182)
[2016.11.08-01.00.37:538][947]LogModuleManager: Shutting down and abandoning module HardwareTargeting (181)
[2016.11.08-01.00.37:538][947]LogModuleManager: Shutting down and abandoning module DeviceProfileEditor (180)
[2016.11.08-01.00.37:538][947]LogModuleManager: Shutting down and abandoning module UndoHistory (179)
[2016.11.08-01.00.37:538][947]LogModuleManager: Shutting down and abandoning module UserFeedback (178)
[2016.11.08-01.00.37:538][947]LogModuleManager: Shutting down and abandoning module XmlParser (177)
[2016.11.08-01.00.37:538][947]LogModuleManager: Shutting down and abandoning module Blutility (176)
[2016.11.08-01.00.37:538][947]LogModuleManager: Shutting down and abandoning module ProjectTargetPlatformEditor (175)
[2016.11.08-01.00.37:538][947]LogModuleManager: Shutting down and abandoning module ProjectSettingsViewer (174)
[2016.11.08-01.00.37:538][947]LogModuleManager: Shutting down and abandoning module InputBindingEditor (173)
[2016.11.08-01.00.37:538][947]LogModuleManager: Shutting down and abandoning module EditorSettingsViewer (172)
[2016.11.08-01.00.37:538][947]LogModuleManager: Shutting down and abandoning module SettingsEditor (171)
[2016.11.08-01.00.37:538][947]LogModuleManager: Shutting down and abandoning module ProjectLauncher (170)
[2016.11.08-01.00.37:538][947]LogModuleManager: Shutting down and abandoning module SessionFrontend (169)
[2016.11.08-01.00.37:538][947]LogModuleManager: Shutting down and abandoning module ProfilerClient (168)
[2016.11.08-01.00.37:538][947]LogModuleManager: Shutting down and abandoning module TargetDeviceServices (167)
[2016.11.08-01.00.37:538][947]LogModuleManager: Shutting down and abandoning module DeviceManager (166)
[2016.11.08-01.00.37:581][947]LogModuleManager: Shutting down and abandoning module AutomationController (165)
[2016.11.08-01.00.37:581][947]LogModuleManager: Shutting down and abandoning module AutomationWindow (164)
[2016.11.08-01.00.37:581][947]LogModuleManager: Shutting down and abandoning module Layers (163)
[2016.11.08-01.00.37:581][947]LogModuleManager: Shutting down and abandoning module ComponentVisualizers (162)
[2016.11.08-01.00.37:581][947]LogModuleManager: Shutting down and abandoning module DetailCustomizations (161)
[2016.11.08-01.00.37:581][947]LogModuleManager: Shutting down and abandoning module PackagesDialog (160)
[2016.11.08-01.00.37:581][947]LogModuleManager: Shutting down and abandoning module AnimGraph (159)
[2016.11.08-01.00.37:581][947]LogModuleManager: Shutting down and abandoning module Persona (158)
[2016.11.08-01.00.37:581][947]LogModuleManager: Shutting down and abandoning module Kismet (157)
[2016.11.08-01.00.37:585][947]LogModuleManager: Shutting down and abandoning module GraphEditor (156)
[2016.11.08-01.00.37:585][947]LogModuleManager: Shutting down and abandoning module ClassViewer (155)
[2016.11.08-01.00.37:585][947]LogModuleManager: Shutting down and abandoning module Toolbox (154)
[2016.11.08-01.00.37:585][947]LogModuleManager: Shutting down and abandoning module ModuleUI (153)
[2016.11.08-01.00.37:585][947]LogModuleManager: Shutting down and abandoning module MovieSceneTools (152)
[2016.11.08-01.00.37:585][947]LogModuleManager: Shutting down and abandoning module OutputLog (151)
[2016.11.08-01.00.37:585][947]LogModuleManager: Shutting down and abandoning module GammaUI (150)
[2016.11.08-01.00.37:585][947]LogModuleManager: Shutting down and abandoning module Documentation (149)
[2016.11.08-01.00.37:585][947]LogModuleManager: Shutting down and abandoning module Niagara (148)
[2016.11.08-01.00.37:585][947]LogModuleManager: Shutting down and abandoning module StreamingPauseRendering (147)
[2016.11.08-01.00.37:585][947]LogModuleManager: Shutting down and abandoning module AnalyticsET (146)
[2016.11.08-01.00.37:585][947]LogModuleManager: Shutting down and abandoning module PortalServices (145)
[2016.11.08-01.00.37:585][947]LogModuleManager: Shutting down and abandoning module PortalRpc (144)
[2016.11.08-01.00.37:585][947]LogModuleManager: Shutting down and abandoning module MessagingRpc (143)
[2016.11.08-01.00.37:585][947]LogModuleManager: Shutting down and abandoning module GameplayDebugger (142)
[2016.11.08-01.00.37:585][947]LogModuleManager: Shutting down and abandoning module AITestSuite (141)
[2016.11.08-01.00.37:585][947]LogModuleManager: Shutting down and abandoning module AIModule (140)
[2016.11.08-01.00.37:585][947]LogModuleManager: Shutting down and abandoning module ProfilerService (139)
[2016.11.08-01.00.37:610][947]LogModuleManager: Shutting down and abandoning module TaskGraph (138)
[2016.11.08-01.00.37:610][947]LogModuleManager: Shutting down and abandoning module SlateRemote (137)
[2016.11.08-01.00.37:610][947]LogModuleManager: Shutting down and abandoning module SteamVRController (136)
[2016.11.08-01.00.37:610][947]LogModuleManager: Shutting down and abandoning module SteamVR (135)
[2016.11.08-01.00.37:610][947]LogModuleManager: Shutting down and abandoning module ProceduralMeshComponentEditor (134)
[2016.11.08-01.00.37:610][947]LogModuleManager: Shutting down and abandoning module ProceduralMeshComponent (133)
[2016.11.08-01.00.37:610][947]LogModuleManager: Shutting down and abandoning module OculusLibrary (132)
[2016.11.08-01.00.37:610][947]LogModuleManager: Shutting down and abandoning module OculusInput (131)
[2016.11.08-01.00.37:610][947]LogModuleManager: Shutting down and abandoning module CustomMeshComponent (130)
[2016.11.08-01.00.37:610][947]LogModuleManager: Shutting down and abandoning module CableComponent (129)
[2016.11.08-01.00.37:610][947]LogModuleManager: Shutting down and abandoning module ArchVisCharacter (128)
[2016.11.08-01.00.37:610][947]LogModuleManager: Shutting down and abandoning module MediaPlayerEditor (126)
[2016.11.08-01.00.37:610][947]LogModuleManager: Shutting down and abandoning module HTML5Networking (125)
[2016.11.08-01.00.37:610][947]LogModuleManager: Shutting down and abandoning module GeometryCacheEd (124)
[2016.11.08-01.00.37:610][947]LogModuleManager: Shutting down and abandoning module GeometryCache (123)
[2016.11.08-01.00.37:610][947]LogModuleManager: Shutting down and abandoning module AlembicLibrary (122)
[2016.11.08-01.00.37:610][947]LogModuleManager: Shutting down and abandoning module AlembicImporter (121)
[2016.11.08-01.00.37:610][947]LogModuleManager: Shutting down and abandoning module SuperSearch (120)
[2016.11.08-01.00.37:610][947]LogModuleManager: Shutting down and abandoning module SuperSearchEditor (119)
[2016.11.08-01.00.37:610][947]LogModuleManager: Shutting down and abandoning module SpeedTreeImporter (118)
[2016.11.08-01.00.37:610][947]LogModuleManager: Shutting down and abandoning module PluginBrowser (117)
[2016.11.08-01.00.37:610][947]LogModuleManager: Shutting down and abandoning module MobileLauncherProfileWizard (116)
[2016.11.08-01.00.37:610][947]LogModuleManager: Shutting down and abandoning module EpicSurvey (115)
[2016.11.08-01.00.37:610][947]LogModuleManager: Shutting down and abandoning module DesktopPlatform (114)
[2016.11.08-01.00.37:611][947]LogModuleManager: Shutting down and abandoning module VisualStudioSourceCodeAccess (113)
[2016.11.08-01.00.37:611][947]LogModuleManager: Shutting down and abandoning module UObjectPlugin (112)
[2016.11.08-01.00.37:611][947]LogModuleManager: Shutting down and abandoning module SubversionSourceControl (111)
[2016.11.08-01.00.37:611][947]LogModuleManager: Shutting down and abandoning module PerforceSourceControl (110)
[2016.11.08-01.00.37:611][947]LogModuleManager: Shutting down and abandoning module SourceControl (109)
[2016.11.08-01.00.37:611][947]LogModuleManager: Shutting down and abandoning module GitSourceControl (108)
[2016.11.08-01.00.37:611][947]LogModuleManager: Shutting down and abandoning module LightPropagationVolumeEditor (107)
[2016.11.08-01.00.37:611][947]LogModuleManager: Shutting down and abandoning module PaperTiledImporter (106)
[2016.11.08-01.00.37:611][947]LogModuleManager: Shutting down and abandoning module PaperSpriteSheetImporter (105)
[2016.11.08-01.00.37:611][947]LogModuleManager: Shutting down and abandoning module MeshPaint (104)
[2016.11.08-01.00.37:611][947]LogModuleManager: Shutting down and abandoning module FbxAutomationBuilderModule (103)
[2016.11.08-01.00.37:611][947]LogModuleManager: Shutting down and abandoning module PixelInspectorModule (102)
[2016.11.08-01.00.37:611][947]LogModuleManager: Shutting down and abandoning module HotReload (101)
[2016.11.08-01.00.37:611][947]LogModuleManager: Shutting down and abandoning module MainFrame (100)
[2016.11.08-01.00.37:611][947]LogModuleManager: Shutting down and abandoning module LevelEditor (99)
[2016.11.08-01.00.37:612][947]LogModuleManager: Shutting down and abandoning module ContentBrowser (98)
[2016.11.08-01.00.37:613][947]LogModuleManager: Shutting down and abandoning module Paper2DEditor (97)
[2016.11.08-01.00.37:613][947]LogModuleManager: Shutting down and abandoning module UdpMessaging (96)
[2016.11.08-01.00.37:713][947]LogModuleManager: Shutting down and abandoning module TcpMessaging (95)
[2016.11.08-01.00.37:713][947]LogModuleManager: Shutting down and abandoning module LightPropagationVolumeRuntime (94)
[2016.11.08-01.00.37:713][947]LogModuleManager: Shutting down and abandoning module Paper2D (93)
[2016.11.08-01.00.37:713][947]LogModuleManager: Shutting down and abandoning module WindowsMoviePlayer (92)
[2016.11.08-01.00.37:713][947]LogModuleManager: Shutting down and abandoning module WmfMedia (91)
[2016.11.08-01.00.37:713][947]LogModuleManager: Shutting down and abandoning module MediaAssets (90)
[2016.11.08-01.00.37:713][947]LogModuleManager: Shutting down and abandoning module GameLiveStreaming (89)
[2016.11.08-01.00.37:713][947]LogModuleManager: Shutting down and abandoning module GameplayTagsEditor (88)
[2016.11.08-01.00.37:713][947]LogModuleManager: Shutting down and abandoning module VREditor (87)
[2016.11.08-01.00.37:713][947]LogModuleManager: Shutting down and abandoning module GameplayTasksEditor (86)
[2016.11.08-01.00.37:713][947]LogModuleManager: Shutting down and abandoning module PropertyEditor (85)
[2016.11.08-01.00.37:713][947]LogModuleManager: Shutting down and abandoning module BehaviorTreeEditor (84)
[2016.11.08-01.00.37:713][947]LogModuleManager: Shutting down and abandoning module FunctionalTesting (83)
[2016.11.08-01.00.37:713][947]LogModuleManager: Shutting down and abandoning module CollisionAnalyzer (82)
[2016.11.08-01.00.37:713][947]LogModuleManager: Shutting down and abandoning module Sequencer (81)
[2016.11.08-01.00.37:714][947]LogModuleManager: Shutting down and abandoning module WorkspaceMenuStructure (80)
[2016.11.08-01.00.37:714][947]LogModuleManager: Shutting down and abandoning module MessageLog (79)
[2016.11.08-01.00.37:714][947]LogModuleManager: Shutting down and abandoning module AssetTools (78)
[2016.11.08-01.00.37:714][947]LogModuleManager: Shutting down and abandoning module UMGEditor (77)
[2016.11.08-01.00.37:714][947]LogModuleManager: Shutting down and abandoning module UMG (76)
[2016.11.08-01.00.37:714][947]LogModuleManager: Shutting down and abandoning module SlateReflector (75)
[2016.11.08-01.00.37:714][947]LogModuleManager: Shutting down and abandoning module Slate (74)
[2016.11.08-01.00.37:714][947]LogModuleManager: Shutting down and abandoning module EditorStyle (73)
[2016.11.08-01.00.37:716][947]LogModuleManager: Shutting down and abandoning module SourceCodeAccess (72)
[2016.11.08-01.00.37:716][947]LogModuleManager: Shutting down and abandoning module HeadMountedDisplay (71)
[2016.11.08-01.00.37:716][947]LogModuleManager: Shutting down and abandoning module XAudio2 (70)
[2016.11.08-01.00.37:716][947]LogModuleManager: Shutting down and abandoning module Networking (68)
[2016.11.08-01.00.37:716][947]LogModuleManager: Shutting down and abandoning module Core (67)
[2016.11.08-01.00.37:716][947]LogModuleManager: Shutting down and abandoning module DirectoryWatcher (66)
[2016.11.08-01.00.37:716][947]LogDirectoryWatcher: A directory notification for '../../../Engine/Content/' was aborted.
[2016.11.08-01.00.37:716][947]LogDirectoryWatcher: A directory notification for 'E:/Unreal Project Boredom Warrior/Boredom_Warrior/Content/' was aborted.
[2016.11.08-01.00.37:716][947]LogDirectoryWatcher: A directory notification for '../../../Engine/Plugins/2D/Paper2D/Content/' was aborted.
[2016.11.08-01.00.37:716][947]LogModuleManager: Shutting down and abandoning module AssetRegistry (65)
[2016.11.08-01.00.37:882][947]LogModuleManager: Shutting down and abandoning module KismetCompiler (64)
[2016.11.08-01.00.37:882][947]LogModuleManager: Shutting down and abandoning module PhysXFormats (63)
[2016.11.08-01.00.37:882][947]LogModuleManager: Shutting down and abandoning module MeshUtilities (62)
[2016.11.08-01.00.37:882][947]LogModuleManager: Shutting down and abandoning module DerivedDataCache (61)
[2016.11.08-01.00.37:914][947]LogDerivedDataCache: Shutdown
[2016.11.08-01.00.37:914][947]LogModuleManager: Shutting down and abandoning module VulkanShaderFormat (60)
[2016.11.08-01.00.37:914][947]LogModuleManager: Shutting down and abandoning module ShaderFormatOpenGL (59)
[2016.11.08-01.00.37:914][947]LogModuleManager: Shutting down and abandoning module ShaderFormatD3D (58)
[2016.11.08-01.00.37:914][947]LogModuleManager: Shutting down and abandoning module MetalShaderFormat (57)
[2016.11.08-01.00.37:914][947]LogModuleManager: Shutting down and abandoning module TextureFormatUncompressed (56)
[2016.11.08-01.00.37:914][947]LogModuleManager: Shutting down and abandoning module TextureFormatPVR (55)
[2016.11.08-01.00.37:914][947]LogModuleManager: Shutting down and abandoning module TextureFormatDXT (54)
[2016.11.08-01.00.37:914][947]LogModuleManager: Shutting down and abandoning module TextureFormatIntelISPCTexComp (53)
[2016.11.08-01.00.37:914][947]LogModuleManager: Shutting down and abandoning module ImageWrapper (52)
[2016.11.08-01.00.37:914][947]LogModuleManager: Shutting down and abandoning module TextureFormatASTC (51)
[2016.11.08-01.00.37:914][947]LogModuleManager: Shutting down and abandoning module TextureFormatAndroid (50)
[2016.11.08-01.00.37:914][947]LogModuleManager: Shutting down and abandoning module AudioFormatOpus (49)
[2016.11.08-01.00.37:914][947]LogModuleManager: Shutting down and abandoning module AudioFormatOgg (48)
[2016.11.08-01.00.37:914][947]LogModuleManager: Shutting down and abandoning module AudioFormatADPCM (47)
[2016.11.08-01.00.37:914][947]LogModuleManager: Shutting down and abandoning module LinuxTargetPlatform (46)
[2016.11.08-01.00.37:914][947]LogModuleManager: Shutting down and abandoning module LinuxServerTargetPlatform (45)
[2016.11.08-01.00.37:914][947]LogModuleManager: Shutting down and abandoning module LinuxNoEditorTargetPlatform (44)
[2016.11.08-01.00.37:914][947]LogModuleManager: Shutting down and abandoning module LinuxClientTargetPlatform (43)
[2016.11.08-01.00.37:914][947]LogModuleManager: Shutting down and abandoning module TVOSTargetPlatform (42)
[2016.11.08-01.00.37:914][947]LogModuleManager: Shutting down and abandoning module Messaging (41)
[2016.11.08-01.00.37:914][947]LogModuleManager: Shutting down and abandoning module IOSTargetPlatform (40)
[2016.11.08-01.00.37:914][947]LogModuleManager: Shutting down and abandoning module HTML5TargetPlatform (39)
[2016.11.08-01.00.37:914][947]LogModuleManager: Shutting down and abandoning module Android_PVRTCTargetPlatform (38)
[2016.11.08-01.00.37:914][947]LogModuleManager: Shutting down and abandoning module Android_MultiTargetPlatform (37)
[2016.11.08-01.00.37:914][947]LogModuleManager: Shutting down and abandoning module Android_ETC2TargetPlatform (36)
[2016.11.08-01.00.37:915][947]LogModuleManager: Shutting down and abandoning module Android_ETC1TargetPlatform (35)
[2016.11.08-01.00.37:915][947]LogModuleManager: Shutting down and abandoning module Android_DXTTargetPlatform (34)
[2016.11.08-01.00.37:915][947]LogModuleManager: Shutting down and abandoning module Android_ATCTargetPlatform (33)
[2016.11.08-01.00.37:915][947]LogModuleManager: Shutting down and abandoning module Android_ASTCTargetPlatform (32)
[2016.11.08-01.00.37:915][947]LogModuleManager: Shutting down and abandoning module AndroidTargetPlatform (31)
[2016.11.08-01.00.37:915][947]LogModuleManager: Shutting down and abandoning module WindowsTargetPlatform (30)
[2016.11.08-01.00.37:915][947]LogModuleManager: Shutting down and abandoning module WindowsServerTargetPlatform (29)
[2016.11.08-01.00.37:915][947]LogModuleManager: Shutting down and abandoning module WindowsNoEditorTargetPlatform (28)
[2016.11.08-01.00.37:915][947]LogModuleManager: Shutting down and abandoning module WindowsClientTargetPlatform (27)
[2016.11.08-01.00.37:915][947]LogModuleManager: Shutting down and abandoning module AllDesktopTargetPlatform (26)
[2016.11.08-01.00.37:915][947]LogModuleManager: Shutting down and abandoning module TargetPlatform (25)
[2016.11.08-01.00.37:915][947]LogModuleManager: Shutting down and abandoning module InputCore (24)
[2016.11.08-01.00.37:915][947]LogModuleManager: Shutting down and abandoning module Settings (23)
[2016.11.08-01.00.37:915][947]LogModuleManager: Shutting down and abandoning module OculusRift (22)
[2016.11.08-01.00.37:915][947]LogModuleManager: Shutting down and abandoning module GearVR (21)
[2016.11.08-01.00.37:915][947]LogModuleManager: Shutting down and abandoning module ExampleDeviceProfileSelector (20)
[2016.11.08-01.00.37:915][947]LogModuleManager: Shutting down and abandoning module OnlineBlueprintSupport (19)
[2016.11.08-01.00.37:915][947]LogModuleManager: Shutting down and abandoning module OnlineSubsystem (17)
[2016.11.08-01.00.37:915][947]LogOnline:Display: Unloading online subsystem: NULL
[2016.11.08-01.00.37:915][947]LogModuleManager: Shutting down and abandoning module HTTP (16)
[2016.11.08-01.00.37:915][947]LogHttp:Display: Http module shutting down, but needs to wait on 1 outstanding Http requests:
[2016.11.08-01.00.37:915][947]LogHttp:Display: 	verb=[POST] url=[https://datarouter.ol.epicgames.com/datarouter/api/v1/public/data?SessionID=%7BA2145D8A-463E-BBC5-F720-449556CF9582%7D&AppID=UEEditor.Rocket.Release&AppVersion=%2B%2BUE4%2BRelease-4.13-CL-3106830&UserID=cfdc7282430e085144372d8a23bd75ba%7Ccdb9963d0dec4de69397d413595f9546%7Ce8017099-0b36-4cc4-aaf2-0b5f6700787c&AppEnvironment=datacollector-binary&UploadType=eteventstream] status=Processing
[2016.11.08-01.00.37:926][947]LogModuleManager: Shutting down and abandoning module XMPP (15)
[2016.11.08-01.00.37:926][947]LogModuleManager: Shutting down and abandoning module TextureCompressor (14)
[2016.11.08-01.00.37:926][947]LogModuleManager: Shutting down and abandoning module ShaderCore (13)
[2016.11.08-01.00.37:926][947]LogModuleManager: Shutting down and abandoning module Landscape (12)
[2016.11.08-01.00.37:926][947]LogModuleManager: Shutting down and abandoning module SlateRHIRenderer (11)
[2016.11.08-01.00.37:928][947]LogModuleManager: Shutting down and abandoning module OpenGLDrv (10)
[2016.11.08-01.00.37:928][947]LogModuleManager: Shutting down and abandoning module D3D11RHI (9)
[2016.11.08-01.00.37:928][947]LogModuleManager: Shutting down and abandoning module AnimGraphRuntime (8)
[2016.11.08-01.00.37:928][947]LogModuleManager: Shutting down and abandoning module Renderer (7)
[2016.11.08-01.00.37:928][947]LogModuleManager: Shutting down and abandoning module Engine (6)
[2016.11.08-01.00.37:928][947]LogModuleManager: Shutting down and abandoning module CoreUObject (5)
[2016.11.08-01.00.37:928][947]LogModuleManager: Shutting down and abandoning module NetworkFile (4)
[2016.11.08-01.00.37:928][947]LogModuleManager: Shutting down and abandoning module StreamingFile (3)
[2016.11.08-01.00.37:928][947]LogModuleManager: Shutting down and abandoning module SandboxFile (2)
[2016.11.08-01.00.37:928][947]LogModuleManager: Shutting down and abandoning module PakFile (1)
[2016.11.08-01.00.37:931][947]LogExit: Exiting.
[2016.11.08-01.00.37:941][947]Log file closed, 11/08/16 01:00:37
