Log file open, 12/12/16 16:33:37
LogInit:Display: Running engine for game: Boredom_Warrior
LogPlatformFile: Not using cached read wrapper
LogInit:Display: RandInit(-4973379) SRandInit(-4973379).
LogTaskGraph: Started task graph with 5 named threads and 8 total threads with 1 sets of task threads.
LogStats: Stats thread started at 0.072133
LogPluginManager: Loaded Plugin Paper2D, From C:/Program Files (x86)/Epic Games/4.13/Engine/Plugins/2D/Paper2D/Paper2D.uplugin
LogPluginManager: Loaded Plugin LightPropagationVolume, From C:/Program Files (x86)/Epic Games/4.13/Engine/Plugins/Blendables/LightPropagationVolume/LightPropagationVolume.uplugin
LogPluginManager: Loaded Plugin BlankPlugin, From C:/Program Files (x86)/Epic Games/4.13/Engine/Plugins/Developer/BlankPlugin/BlankPlugin.uplugin
LogPluginManager: Loaded Plugin CodeLiteSourceCodeAccess, From C:/Program Files (x86)/Epic Games/4.13/Engine/Plugins/Developer/CodeLiteSourceCodeAccess/CodeLiteSourceCodeAccess.uplugin
LogPluginManager: Loaded Plugin GitSourceControl, From C:/Program Files (x86)/Epic Games/4.13/Engine/Plugins/Developer/GitSourceControl/GitSourceControl.uplugin
LogPluginManager: Loaded Plugin KDevelopSourceCodeAccess, From C:/Program Files (x86)/Epic Games/4.13/Engine/Plugins/Developer/KDevelopSourceCodeAccess/KDevelopSourceCodeAccess.uplugin
LogPluginManager: Loaded Plugin NullSourceCodeAccess, From C:/Program Files (x86)/Epic Games/4.13/Engine/Plugins/Developer/NullSourceCodeAccess/NullSourceCodeAccess.uplugin
LogPluginManager: Loaded Plugin OneSkyLocalizationService, From C:/Program Files (x86)/Epic Games/4.13/Engine/Plugins/Developer/OneSkyLocalizationService/OneSkyLocalizationService.uplugin
LogPluginManager: Loaded Plugin PerforceSourceControl, From C:/Program Files (x86)/Epic Games/4.13/Engine/Plugins/Developer/PerforceSourceControl/PerforceSourceControl.uplugin
LogPluginManager: Loaded Plugin SubversionSourceControl, From C:/Program Files (x86)/Epic Games/4.13/Engine/Plugins/Developer/SubversionSourceControl/SubversionSourceControl.uplugin
LogPluginManager: Loaded Plugin UObjectPlugin, From C:/Program Files (x86)/Epic Games/4.13/Engine/Plugins/Developer/UObjectPlugin/UObjectPlugin.uplugin
LogPluginManager: Loaded Plugin VisualStudioSourceCodeAccess, From C:/Program Files (x86)/Epic Games/4.13/Engine/Plugins/Developer/VisualStudioSourceCodeAccess/VisualStudioSourceCodeAccess.uplugin
LogPluginManager: Loaded Plugin XCodeSourceCodeAccess, From C:/Program Files (x86)/Epic Games/4.13/Engine/Plugins/Developer/XCodeSourceCodeAccess/XCodeSourceCodeAccess.uplugin
LogPluginManager: Loaded Plugin EpicSurvey, From C:/Program Files (x86)/Epic Games/4.13/Engine/Plugins/Editor/EpicSurvey/EpicSurvey.uplugin
LogPluginManager: Loaded Plugin MacGraphicsSwitching, From C:/Program Files (x86)/Epic Games/4.13/Engine/Plugins/Editor/MacGraphicsSwitching/MacGraphicsSwitching.uplugin
LogPluginManager: Loaded Plugin MobileLauncherProfileWizard, From C:/Program Files (x86)/Epic Games/4.13/Engine/Plugins/Editor/MobileLauncherProfileWizard/MobileLauncherProfileWizard.uplugin
LogPluginManager: Loaded Plugin PluginBrowser, From C:/Program Files (x86)/Epic Games/4.13/Engine/Plugins/Editor/PluginBrowser/PluginBrowser.uplugin
LogPluginManager: Loaded Plugin SpeedTreeImporter, From C:/Program Files (x86)/Epic Games/4.13/Engine/Plugins/Editor/SpeedTreeImporter/SpeedTreeImporter.uplugin
LogPluginManager: Loaded Plugin SuperSearchEditor, From C:/Program Files (x86)/Epic Games/4.13/Engine/Plugins/Editor/SuperSearchEditor/SuperSearchEditor.uplugin
LogPluginManager: Loaded Plugin AlembicImporter, From C:/Program Files (x86)/Epic Games/4.13/Engine/Plugins/Experimental/AlembicImporter/AlembicImporter.uplugin
LogPluginManager: Loaded Plugin BlueprintStats, From C:/Program Files (x86)/Epic Games/4.13/Engine/Plugins/Experimental/BlueprintStats/BlueprintStats.uplugin
LogPluginManager: Loaded Plugin CharacterAI, From C:/Program Files (x86)/Epic Games/4.13/Engine/Plugins/Experimental/CharacterAI/CharacterAI.uplugin
LogPluginManager: Loaded Plugin CodeEditor, From C:/Program Files (x86)/Epic Games/4.13/Engine/Plugins/Experimental/CodeEditor/CodeEditor.uplugin
LogPluginManager: Loaded Plugin CodeView, From C:/Program Files (x86)/Epic Games/4.13/Engine/Plugins/Experimental/CodeView/CodeView.uplugin
LogPluginManager: Loaded Plugin HTML5Networking, From C:/Program Files (x86)/Epic Games/4.13/Engine/Plugins/Experimental/HTML5Networking/HTML5Networking.uplugin
LogPluginManager: Loaded Plugin LiveEditor, From C:/Program Files (x86)/Epic Games/4.13/Engine/Plugins/Experimental/LiveEditor/LiveEditor.uplugin
LogPluginManager: Loaded Plugin OSVR, From C:/Program Files (x86)/Epic Games/4.13/Engine/Plugins/Experimental/OSVR/OSVR.uplugin
LogPluginManager: Loaded Plugin Phya, From C:/Program Files (x86)/Epic Games/4.13/Engine/Plugins/Experimental/Phya/Phya.uplugin
LogPluginManager: Loaded Plugin SignificanceManager, From C:/Program Files (x86)/Epic Games/4.13/Engine/Plugins/Experimental/SignificanceManager/SignificanceManager.uplugin
LogPluginManager: Loaded Plugin SimpleHMD, From C:/Program Files (x86)/Epic Games/4.13/Engine/Plugins/Experimental/SimpleHMD/SimpleHMD.uplugin
LogPluginManager: Loaded Plugin StereoPanorama, From C:/Program Files (x86)/Epic Games/4.13/Engine/Plugins/Experimental/StereoPanorama/StereoPanorama.uplugin
LogPluginManager: Loaded Plugin StructBox, From C:/Program Files (x86)/Epic Games/4.13/Engine/Plugins/Experimental/StructBox/StructBox.uplugin
LogPluginManager: Loaded Plugin AndroidMedia, From C:/Program Files (x86)/Epic Games/4.13/Engine/Plugins/Media/AndroidMedia/AndroidMedia.uplugin
LogPluginManager: Loaded Plugin AvfMedia, From C:/Program Files (x86)/Epic Games/4.13/Engine/Plugins/Media/AvfMedia/AvfMedia.uplugin
LogPluginManager: Loaded Plugin MediaPlayerEditor, From C:/Program Files (x86)/Epic Games/4.13/Engine/Plugins/Media/MediaPlayerEditor/MediaPlayerEditor.uplugin
LogPluginManager: Loaded Plugin WmfMedia, From C:/Program Files (x86)/Epic Games/4.13/Engine/Plugins/Media/WmfMedia/WmfMedia.uplugin
LogPluginManager: Loaded Plugin MessagingDebugger, From C:/Program Files (x86)/Epic Games/4.13/Engine/Plugins/Messaging/MessagingDebugger/MessagingDebugger.uplugin
LogPluginManager: Loaded Plugin TcpMessaging, From C:/Program Files (x86)/Epic Games/4.13/Engine/Plugins/Messaging/TcpMessaging/TcpMessaging.uplugin
LogPluginManager: Loaded Plugin UdpMessaging, From C:/Program Files (x86)/Epic Games/4.13/Engine/Plugins/Messaging/UdpMessaging/UdpMessaging.uplugin
LogPluginManager: Loaded Plugin LevelSequenceEditor, From C:/Program Files (x86)/Epic Games/4.13/Engine/Plugins/MovieScene/LevelSequenceEditor/LevelSequenceEditor.uplugin
LogPluginManager: Loaded Plugin MatineeToLevelSequence, From C:/Program Files (x86)/Epic Games/4.13/Engine/Plugins/MovieScene/MatineeToLevelSequence/MatineeToLevelSequence.uplugin
LogPluginManager: Loaded Plugin NetcodeUnitTest, From C:/Program Files (x86)/Epic Games/4.13/Engine/Plugins/NetcodeUnitTest/NetcodeUnitTest/NetcodeUnitTest.uplugin
LogPluginManager: Loaded Plugin NUTUnrealEngine4, From C:/Program Files (x86)/Epic Games/4.13/Engine/Plugins/NetcodeUnitTest/NUTUnrealEngine4/NUTUnrealEngine4.uplugin
LogPluginManager: Loaded Plugin OnlineSubsystemGooglePlay, From C:/Program Files (x86)/Epic Games/4.13/Engine/Plugins/Online/Android/OnlineSubsystemGooglePlay/OnlineSubsystemGooglePlay.uplugin
LogPluginManager: Loaded Plugin OnlineSubsystemIOS, From C:/Program Files (x86)/Epic Games/4.13/Engine/Plugins/Online/IOS/OnlineSubsystemIOS/OnlineSubsystemIOS.uplugin
LogPluginManager: Loaded Plugin OnlineFramework, From C:/Program Files (x86)/Epic Games/4.13/Engine/Plugins/Online/OnlineFramework/OnlineFramework.uplugin
LogPluginManager: Loaded Plugin OnlineSubsystem, From C:/Program Files (x86)/Epic Games/4.13/Engine/Plugins/Online/OnlineSubsystem/OnlineSubsystem.uplugin
LogPluginManager: Loaded Plugin OnlineSubsystemAmazon, From C:/Program Files (x86)/Epic Games/4.13/Engine/Plugins/Online/OnlineSubsystemAmazon/OnlineSubsystemAmazon.uplugin
LogPluginManager: Loaded Plugin OnlineSubsystemFacebook, From C:/Program Files (x86)/Epic Games/4.13/Engine/Plugins/Online/OnlineSubsystemFacebook/OnlineSubsystemFacebook.uplugin
LogPluginManager: Loaded Plugin OnlineSubsystemNull, From C:/Program Files (x86)/Epic Games/4.13/Engine/Plugins/Online/OnlineSubsystemNull/OnlineSubsystemNull.uplugin
LogPluginManager: Loaded Plugin OnlineSubsystemOculus, From C:/Program Files (x86)/Epic Games/4.13/Engine/Plugins/Online/OnlineSubsystemOculus/OnlineSubsystemOculus.uplugin
LogPluginManager: Loaded Plugin OnlineSubsystemSteam, From C:/Program Files (x86)/Epic Games/4.13/Engine/Plugins/Online/OnlineSubsystemSteam/OnlineSubsystemSteam.uplugin
LogPluginManager: Loaded Plugin OnlineSubsystemUtils, From C:/Program Files (x86)/Epic Games/4.13/Engine/Plugins/Online/OnlineSubsystemUtils/OnlineSubsystemUtils.uplugin
LogPluginManager: Loaded Plugin IOSTapJoy, From C:/Program Files (x86)/Epic Games/4.13/Engine/Plugins/Runtime/Advertising/IOSTapJoy/IOSTapJoy.uplugin
LogPluginManager: Loaded Plugin AnalyticsBlueprintLibrary, From C:/Program Files (x86)/Epic Games/4.13/Engine/Plugins/Runtime/Analytics/AnalyticsBlueprintLibrary/AnalyticsBlueprintLibrary.uplugin
LogPluginManager: Loaded Plugin AnalyticsMulticast, From C:/Program Files (x86)/Epic Games/4.13/Engine/Plugins/Runtime/Analytics/AnalyticsMulticast/AnalyticsMulticast.uplugin
LogPluginManager: Loaded Plugin Apsalar, From C:/Program Files (x86)/Epic Games/4.13/Engine/Plugins/Runtime/Analytics/Apsalar/Apsalar.uplugin
LogPluginManager: Loaded Plugin FileLogging, From C:/Program Files (x86)/Epic Games/4.13/Engine/Plugins/Runtime/Analytics/FileLogging/FileLogging.uplugin
LogPluginManager: Loaded Plugin Flurry, From C:/Program Files (x86)/Epic Games/4.13/Engine/Plugins/Runtime/Analytics/Flurry/Flurry.uplugin
LogPluginManager: Loaded Plugin AndroidDeviceProfileSelector, From C:/Program Files (x86)/Epic Games/4.13/Engine/Plugins/Runtime/AndroidDeviceProfileSelector/AndroidDeviceProfileSelector.uplugin
LogPluginManager: Loaded Plugin AndroidMoviePlayer, From C:/Program Files (x86)/Epic Games/4.13/Engine/Plugins/Runtime/AndroidMoviePlayer/AndroidMoviePlayer.uplugin
LogPluginManager: Loaded Plugin AppleMoviePlayer, From C:/Program Files (x86)/Epic Games/4.13/Engine/Plugins/Runtime/AppleMoviePlayer/AppleMoviePlayer.uplugin
LogPluginManager: Loaded Plugin ArchVisCharacter, From C:/Program Files (x86)/Epic Games/4.13/Engine/Plugins/Runtime/ArchVisCharacter/ArchVisCharacter.uplugin
LogPluginManager: Loaded Plugin CableComponent, From C:/Program Files (x86)/Epic Games/4.13/Engine/Plugins/Runtime/CableComponent/CableComponent.uplugin
LogPluginManager: Loaded Plugin CustomMeshComponent, From C:/Program Files (x86)/Epic Games/4.13/Engine/Plugins/Runtime/CustomMeshComponent/CustomMeshComponent.uplugin
LogPluginManager: Loaded Plugin ExampleDeviceProfileSelector, From C:/Program Files (x86)/Epic Games/4.13/Engine/Plugins/Runtime/ExampleDeviceProfileSelector/ExampleDeviceProfileSelector.uplugin
LogPluginManager: Loaded Plugin GearVR, From C:/Program Files (x86)/Epic Games/4.13/Engine/Plugins/Runtime/GearVR/GearVR.uplugin
LogPluginManager: Loaded Plugin GoogleVRController, From C:/Program Files (x86)/Epic Games/4.13/Engine/Plugins/Runtime/GoogleVR/GoogleVRController/GoogleVRController.uplugin
LogPluginManager: Loaded Plugin GoogleVRHMD, From C:/Program Files (x86)/Epic Games/4.13/Engine/Plugins/Runtime/GoogleVR/GoogleVRHMD/GoogleVRHMD.uplugin
LogPluginManager: Loaded Plugin IOSDeviceProfileSelector, From C:/Program Files (x86)/Epic Games/4.13/Engine/Plugins/Runtime/IOSDeviceProfileSelector/IOSDeviceProfileSelector.uplugin
LogPluginManager: Loaded Plugin LeapMotion, From C:/Program Files (x86)/Epic Games/4.13/Engine/Plugins/Runtime/LeapMotion/LeapMotion.uplugin
LogPluginManager: Loaded Plugin LinuxDeviceProfileSelector, From C:/Program Files (x86)/Epic Games/4.13/Engine/Plugins/Runtime/LinuxDeviceProfileSelector/LinuxDeviceProfileSelector.uplugin
LogPluginManager: Loaded Plugin LiveEditorListenServer, From C:/Program Files (x86)/Epic Games/4.13/Engine/Plugins/Runtime/LiveEditorListenServer/LiveEditorListenServer.uplugin
LogPluginManager: Loaded Plugin OculusAudio, From C:/Program Files (x86)/Epic Games/4.13/Engine/Plugins/Runtime/OculusAudio/OculusAudio.uplugin
LogPluginManager: Loaded Plugin OculusInput, From C:/Program Files (x86)/Epic Games/4.13/Engine/Plugins/Runtime/OculusInput/OculusInput.uplugin
LogPluginManager: Loaded Plugin OculusLibrary, From C:/Program Files (x86)/Epic Games/4.13/Engine/Plugins/Runtime/OculusLibrary/OculusLibrary.uplugin
LogPluginManager: Loaded Plugin OculusRift, From C:/Program Files (x86)/Epic Games/4.13/Engine/Plugins/Runtime/OculusRift/OculusRift.uplugin
LogPluginManager: Loaded Plugin Oodle, From C:/Program Files (x86)/Epic Games/4.13/Engine/Plugins/Runtime/PacketHandlers/CompressionComponents/Oodle/Oodle.uplugin
LogPluginManager: Loaded Plugin ProceduralMeshComponent, From C:/Program Files (x86)/Epic Games/4.13/Engine/Plugins/Runtime/ProceduralMeshComponent/ProceduralMeshComponent.uplugin
LogPluginManager: Loaded Plugin SoundMod, From C:/Program Files (x86)/Epic Games/4.13/Engine/Plugins/Runtime/SoundMod/SoundMod.uplugin
LogPluginManager: Loaded Plugin SoundVisualizations, From C:/Program Files (x86)/Epic Games/4.13/Engine/Plugins/Runtime/SoundVisualizations/SoundVisualizations.uplugin
LogPluginManager: Loaded Plugin SteamController, From C:/Program Files (x86)/Epic Games/4.13/Engine/Plugins/Runtime/Steam/SteamController/SteamController.uplugin
LogPluginManager: Loaded Plugin SteamVR, From C:/Program Files (x86)/Epic Games/4.13/Engine/Plugins/Runtime/Steam/SteamVR/SteamVR.uplugin
LogPluginManager: Loaded Plugin WebBrowserWidget, From C:/Program Files (x86)/Epic Games/4.13/Engine/Plugins/Runtime/WebBrowserWidget/WebBrowserWidget.uplugin
LogPluginManager: Loaded Plugin WindowsDeviceProfileSelector, From C:/Program Files (x86)/Epic Games/4.13/Engine/Plugins/Runtime/WindowsDeviceProfileSelector/WindowsDeviceProfileSelector.uplugin
LogPluginManager: Loaded Plugin WindowsMoviePlayer, From C:/Program Files (x86)/Epic Games/4.13/Engine/Plugins/Runtime/WindowsMoviePlayer/WindowsMoviePlayer.uplugin
LogPluginManager: Loaded Plugin ScriptPlugin, From C:/Program Files (x86)/Epic Games/4.13/Engine/Plugins/ScriptPlugin/ScriptPlugin.uplugin
LogPluginManager: Loaded Plugin SlateRemote, From C:/Program Files (x86)/Epic Games/4.13/Engine/Plugins/Slate/SlateRemote/SlateRemote.uplugin
LogInit: Using libcurl 7.47.1
LogInit:  - built for x86_64-pc-win32
LogInit:  - supports SSL with WinSSL
LogInit:  - other features:
LogInit:      CURL_VERSION_SSL
LogInit:      CURL_VERSION_IPV6
LogInit:      CURL_VERSION_ASYNCHDNS
LogInit:      CURL_VERSION_LARGEFILE
LogInit:      CURL_VERSION_IDN
LogInit:  CurlRequestOptions (configurable via config and command line):
LogInit:  - bVerifyPeer = false  - Libcurl will NOT verify peer certificate
LogInit:  - bUseHttpProxy = false  - Libcurl will NOT use HTTP proxy
LogInit:  - bDontReuseConnections = false  - Libcurl will reuse connections
LogInit:  - CertBundlePath = nullptr  - Libcurl will use whatever was configured at build time.
LogInit: Build: ++UE4+Release-4.13-CL-3106830
LogInit: Engine Version: 4.13.0-3106830+++UE4+Release-4.13
LogInit: Compatible Engine Version: 4.13.0-3106830+++UE4+Release-4.13
LogInit: Net CL: 3106830
LogDevObjectVersion: Number of dev versions registered: 13
LogDevObjectVersion:   Dev-Blueprints (B0D832E4-1F89-4F0D-ACCF-7EB736FD4AA2): 5
LogDevObjectVersion:   Dev-Build (E1C64328-A22C-4D53-A36C-8E866417BD8C): 0
LogDevObjectVersion:   Dev-Core (375EC13C-06E4-48FB-B500-84F0262A717E): 1
LogDevObjectVersion:   Dev-Editor (E4B068ED-F494-42E9-A231-DA0B2E46BB41): 6
LogDevObjectVersion:   Dev-Framework (CFFC743F-43B0-4480-9391-14DF171D2073): 12
LogDevObjectVersion:   Dev-Mobile (B02B49B5-BB20-44E9-A304-32B752E40360): 0
LogDevObjectVersion:   Dev-Networking (A4E4105C-59A1-49B5-A7C5-40C4547EDFEE): 0
LogDevObjectVersion:   Dev-Online (39C831C9-5AE6-47DC-9A44-9C173E1C8E7C): 0
LogDevObjectVersion:   Dev-Physics (78F01B33-EBEA-4F98-B9B4-84EACCB95AA2): 0
LogDevObjectVersion:   Dev-Platform (6631380F-2D4D-43E0-8009-CF276956A95A): 0
LogDevObjectVersion:   Dev-Rendering (12F88B9F-8875-4AFC-A67C-D90C383ABD29): 4
LogDevObjectVersion:   Dev-Sequencer (7B5AE74C-D270-4C10-A958-57980B212A5A): 0
LogDevObjectVersion:   Dev-VR (D7296918-1DD6-4BDD-9DE2-64A83CC13884): 0
LogInit: Compiled (64-bit): Aug 30 2016 18:11:39
LogInit: Compiled with Visual C++: 19.00.23026.00
LogInit: Build Configuration: Development
LogInit: Branch Name: ++UE4+Release-4.13
LogInit: Command line: -EpicPortal 
LogInit: Base directory: C:/Program Files (x86)/Epic Games/4.13/Engine/Binaries/Win64/
LogInit: Installed Engine Build: 1
LogInit: Presizing for max 8388607 objects, including 0 objects not considered by GC, pre-allocating 0 bytes for permanent pool.
LogInit: Object subsystem initialized
[2016.12.12-16.33.38:071][  0]LogInit: Selected Device Profile: [Windows]
[2016.12.12-16.33.38:071][  0]LogInit: Applying CVar settings loaded from the selected device profile: [Windows]
[2016.12.12-16.33.38:099][  0]LogInit: Computer: DESKTOP-GLHOM9E
[2016.12.12-16.33.38:099][  0]LogInit: User: iAxX
[2016.12.12-16.33.38:099][  0]LogInit: CPU Page size=65536, Cores=4
[2016.12.12-16.33.38:099][  0]LogInit: High frequency timer resolution =3.312787 MHz
[2016.12.12-16.33.38:099][  0]LogMemory: Memory total: Physical=16.0GB (16GB approx)
[2016.12.12-16.33.38:099][  0]LogMemory: Platform Memory Stats for Windows
[2016.12.12-16.33.38:099][  0]LogMemory: Process Physical Memory: 256.71 MB used, 256.71 MB peak
[2016.12.12-16.33.38:099][  0]LogMemory: Process Virtual Memory: 260.04 MB used, 260.04 MB peak
[2016.12.12-16.33.38:099][  0]LogMemory: Physical Memory: 8089.13 MB used, 16345.56 MB total
[2016.12.12-16.33.38:099][  0]LogMemory: Virtual Memory: 623.23 MB used, 134217728.00 MB total
[2016.12.12-16.33.38:125][  0]LogTextLocalizationManager: No specific translations for ('en-GB') exist, so ('en') translations will be used.
[2016.12.12-16.33.38:721][  0]LogD3D11RHI: D3D11 adapters:
[2016.12.12-16.33.39:223][  0]LogD3D11RHI:    0. 'NVIDIA GeForce GTX 970' (Feature Level 11_0)
[2016.12.12-16.33.39:223][  0]LogD3D11RHI:       4058/0/8172 MB DedicatedVideo/DedicatedSystem/SharedSystem, Outputs:2, VendorId:0x10de
[2016.12.12-16.33.39:225][  0]LogD3D11RHI:    1. 'Microsoft Basic Render Driver' (Feature Level 11_0)
[2016.12.12-16.33.39:225][  0]LogD3D11RHI:       0/0/8172 MB DedicatedVideo/DedicatedSystem/SharedSystem, Outputs:0, VendorId:0x1414
[2016.12.12-16.33.39:225][  0]LogD3D11RHI: Chosen D3D11 Adapter: 0
[2016.12.12-16.33.39:231][  0]LogD3D11RHI: Creating new Direct3DDevice
[2016.12.12-16.33.39:231][  0]LogD3D11RHI:     GPU DeviceId: 0x13c2 (for the marketing name, search the web for "GPU Device Id")
[2016.12.12-16.33.39:231][  0]LogWindows: EnumDisplayDevices:
[2016.12.12-16.33.39:231][  0]LogWindows:    0. 'NVIDIA GeForce GTX 970' (P:1 D:1)
[2016.12.12-16.33.39:231][  0]LogWindows:    1. 'NVIDIA GeForce GTX 970' (P:0 D:1)
[2016.12.12-16.33.39:232][  0]LogWindows:    2. 'NVIDIA GeForce GTX 970' (P:0 D:0)
[2016.12.12-16.33.39:232][  0]LogWindows:    3. 'NVIDIA GeForce GTX 970' (P:0 D:0)
[2016.12.12-16.33.39:232][  0]LogWindows: DebugString: FoundDriverCount:4 
[2016.12.12-16.33.39:232][  0]LogD3D11RHI:     Adapter Name: NVIDIA GeForce GTX 970
[2016.12.12-16.33.39:232][  0]LogD3D11RHI:   Driver Version: 372.70 (internal:21.21.13.7270, unified:372.70)
[2016.12.12-16.33.39:232][  0]LogD3D11RHI:      Driver Date: 8-25-2016
[2016.12.12-16.33.39:232][  0]LogRHI: Texture pool is 1361 MB (70% of 1945 MB)
[2016.12.12-16.33.39:721][  0]LogD3D11RHI: Async texture creation enabled
[2016.12.12-16.33.39:905][  0]LogD3D11RHI: GPU Timing Frequency: 1000.000000 (Debug: 2 1)
[2016.12.12-16.33.39:905][  0]LogShaderCompilers: Guid format shader working directory is -44 characters bigger than the processId version (D:/Game Project 17/first-semester-group-17/Unreal Project Boredom Warrior/Boredom_Warrior/Intermediate/Shaders/WorkingDirectory/6804/).
[2016.12.12-16.33.39:905][  0]LogShaderCompilers: Cleaned the shader compiler working directory 'C:/Users/iAxX/AppData/Local/Temp/UnrealShaderWorkingDir/ADD697C6488F4A8B9019F18B6AA3A057/'.
[2016.12.12-16.33.39:906][  0]LogShaderCompilers:Display: Using Local Shader Compiler.
[2016.12.12-16.33.40:853][  0]LogTemp:Display: Loaded TP AllDesktopTargetPlatform
[2016.12.12-16.33.40:860][  0]LogTemp:Display: Loaded TP WindowsClientTargetPlatform
[2016.12.12-16.33.40:868][  0]LogTemp:Display: Loaded TP WindowsNoEditorTargetPlatform
[2016.12.12-16.33.40:876][  0]LogTemp:Display: Loaded TP WindowsServerTargetPlatform
[2016.12.12-16.33.40:883][  0]LogTemp:Display: Loaded TP WindowsTargetPlatform
[2016.12.12-16.33.40:890][  0]LogTemp:Display: Loaded TP AndroidTargetPlatform
[2016.12.12-16.33.40:896][  0]LogTemp:Display: Loaded TP Android_ASTCTargetPlatform
[2016.12.12-16.33.40:902][  0]LogTemp:Display: Loaded TP Android_ATCTargetPlatform
[2016.12.12-16.33.40:908][  0]LogTemp:Display: Loaded TP Android_DXTTargetPlatform
[2016.12.12-16.33.40:914][  0]LogTemp:Display: Loaded TP Android_ETC1TargetPlatform
[2016.12.12-16.33.40:920][  0]LogTemp:Display: Loaded TP Android_ETC2TargetPlatform
[2016.12.12-16.33.40:933][  0]LogTemp:Display: Loaded TP Android_MultiTargetPlatform
[2016.12.12-16.33.40:933][  0]LogTemp:Display: Loaded TP Android_PVRTCTargetPlatform
[2016.12.12-16.33.40:934][  0]LogTemp:Display: Loaded TP HTML5TargetPlatform
[2016.12.12-16.33.40:953][  0]LogTemp:Display: Loaded TP IOSTargetPlatform
[2016.12.12-16.33.40:959][  0]LogTemp:Display: Loaded TP TVOSTargetPlatform
[2016.12.12-16.33.40:964][  0]LogTemp:Display: Loaded TP LinuxClientTargetPlatform
[2016.12.12-16.33.40:970][  0]LogTemp:Display: Loaded TP LinuxNoEditorTargetPlatform
[2016.12.12-16.33.40:976][  0]LogTemp:Display: Loaded TP LinuxServerTargetPlatform
[2016.12.12-16.33.40:983][  0]LogTemp:Display: Loaded TP LinuxTargetPlatform
[2016.12.12-16.33.40:983][  0]LogTargetPlatformManager:Display: Building Assets For Windows
[2016.12.12-16.33.41:051][  0]LogDerivedDataCache:Display: Max Cache Size: 512 MB
[2016.12.12-16.33.41:121][  0]LogDerivedDataCache: Loaded boot cache 0.07s 62MB C:/Users/iAxX/AppData/Local/UnrealEngine/4.13/DerivedDataCache/Boot.ddc.
[2016.12.12-16.33.41:121][  0]LogDerivedDataCache:Display: Loaded Boot cache: C:/Users/iAxX/AppData/Local/UnrealEngine/4.13/DerivedDataCache/Boot.ddc
[2016.12.12-16.33.41:121][  0]LogDerivedDataCache: FDerivedDataBackendGraph:  Pak pak cache file D:/Game Project 17/first-semester-group-17/Unreal Project Boredom Warrior/Boredom_Warrior/DerivedDataCache/DDC.ddp not found, will not use a pak cache.
[2016.12.12-16.33.41:121][  0]LogDerivedDataCache: Unable to find inner node Pak for hierarchical cache Hierarchy.
[2016.12.12-16.33.41:121][  0]LogDerivedDataCache: FDerivedDataBackendGraph:  CompressedPak pak cache file D:/Game Project 17/first-semester-group-17/Unreal Project Boredom Warrior/Boredom_Warrior/DerivedDataCache/Compressed.ddp not found, will not use a pak cache.
[2016.12.12-16.33.41:121][  0]LogDerivedDataCache: Unable to find inner node CompressedPak for hierarchical cache Hierarchy.
[2016.12.12-16.33.41:138][  0]LogDerivedDataCache:Display: Pak cache opened for reading ../../../Engine/DerivedDataCache/Compressed.ddp.
[2016.12.12-16.33.41:150][  0]LogDerivedDataCache: Using Local data cache path C:/Users/iAxX/AppData/Local/UnrealEngine/Common/DerivedDataCache: Writable
[2016.12.12-16.33.41:366][  0]LogInit: Selected Device Profile: [Windows]
[2016.12.12-16.33.41:368][  0]LogContentStreaming: Texture pool size is 0.00 MB
[2016.12.12-16.33.41:459][  0]LogMeshUtilities: No automatic mesh reduction module available
[2016.12.12-16.33.41:459][  0]LogMeshUtilities: No automatic mesh merging module available
[2016.12.12-16.33.41:459][  0]LogMeshUtilities: No distributed automatic mesh merging module available
[2016.12.12-16.33.41:521][  0]LogMaterial: Uniform references updated for custom material expression Custom.
[2016.12.12-16.33.41:817][  0]LogNetVersion: GetLocalNetworkVersion: CL: 3106830, ProjectName: boredom_warrior, ProjectVersion: , EngineNetworkVersion: 1, GameNetworkVersion: 0, NetworkChecksum: 3630817611
[2016.12.12-16.33.41:859][  0]LogAssetRegistry: FAssetRegistry took 0.0219 seconds to start up
[2016.12.12-16.33.41:996][  0]LogPackageLocalizationCache: Processed 3 localized package path(s) for 2 prioritized culture(s) in 0.134423 seconds
[2016.12.12-16.33.42:002][  0]LogUObjectArray: 29777 objects as part of root set at end of initial load.
[2016.12.12-16.33.42:002][  0]LogUObjectAllocator: 6124704 out of 0 bytes used by permanent object pool.
[2016.12.12-16.33.42:002][  0]LogUObjectArray: CloseDisregardForGC: 0/0 objects in disregard for GC pool
[2016.12.12-16.33.42:007][  0]LogInit: WinSock: version 1.1 (2.2), MaxSocks=32767, MaxUdp=65467
[2016.12.12-16.33.42:262][  0]LogSlate: SlateFontCache - WITH_FREETYPE: 1, WITH_HARFBUZZ: 1
[2016.12.12-16.33.42:262][  0]LogSlate: SlateFontCache - WITH_FREETYPE: 1, WITH_HARFBUZZ: 1
[2016.12.12-16.33.42:871][  0]LogUdpMessaging: Initializing bridge on interface 0.0.0.0:0 to multicast group 230.0.0.1:6666.
[2016.12.12-16.33.43:101][  0]SourceControl: Info Source control is disabled
[2016.12.12-16.33.43:101][  0]SourceControl: Info Source control is disabled
[2016.12.12-16.33.43:108][  0]SourceControl: Info Source control is disabled
[2016.12.12-16.33.43:115][  0]SourceControl: Info Source control is disabled
[2016.12.12-16.33.43:375][  0]LogEngine: Initializing Engine...
[2016.12.12-16.33.43:376][  0]LogHMD: Failed to initialize OpenVR with code 110
[2016.12.12-16.33.43:508][  0]LogAIModule: Creating AISystem for world Untitled
[2016.12.12-16.33.43:524][  0]LogInit: XAudio2 using 'Speakers (2- ASUS Xonar DS Audio Device)' : 2 channels at 48 kHz using 24 bits per sample (channel mask 0x3)
[2016.12.12-16.33.43:533][  0]LogInit: FAudioDevice initialized.
[2016.12.12-16.33.43:568][  0]LogDerivedDataCache: Saved boot cache 0.04s 62MB C:/Users/iAxX/AppData/Local/UnrealEngine/4.13/DerivedDataCache/Boot.ddc.
[2016.12.12-16.33.43:585][  0]LogInit: Texture streaming: Enabled
[2016.12.12-16.33.43:611][  0]LogInit: Transaction tracking system initialized
[2016.12.12-16.33.43:629][  0]BlueprintLog: New page: Editor Load
[2016.12.12-16.33.43:691][  0]LocalizationService: Info Localization service is disabled
[2016.12.12-16.33.43:770][  0]LogConsoleResponse:Display: 
[2016.12.12-16.33.43:921][  0]LogFileCache: Scanning file cache for directory 'D:/Game Project 17/first-semester-group-17/Unreal Project Boredom Warrior/Boredom_Warrior/Content/' took 0.02s
[2016.12.12-16.33.43:921][  0]LogCook:Display: Max memory allowance for cook 16384mb min free memory 0mb
[2016.12.12-16.33.43:921][  0]LogCook:Display: Mobile HDR setting 1
[2016.12.12-16.33.44:087][  0]SourceControl: Info Source control is disabled
[2016.12.12-16.33.44:087][  0]Cmd: MAP LOAD FILE="D:/Game Project 17/first-semester-group-17/Unreal Project Boredom Warrior/Boredom_Warrior/Content/Map/Main.umap" TEMPLATE=0 SHOWPROGRESS=1 FEATURELEVEL=3
[2016.12.12-16.33.44:113][  0]LightingResults: New page: Lighting Build
[2016.12.12-16.33.44:115][  0]MapCheck: New page: Map Check
[2016.12.12-16.33.44:115][  0]LightingResults: New page: Lighting Build
[2016.12.12-16.33.44:131][  0]LogAIModule: Creating AISystem for world Main
[2016.12.12-16.33.44:132][  0]LogEditorServer: Finished looking for orphan Actors (0.000 secs)
[2016.12.12-16.33.44:134][  0]Cmd: MAP CHECKDEP NOCLEARLOG
[2016.12.12-16.33.44:179][  0]MapCheck: Info Map check complete: 0 Error(s), 0 Warning(s), took 45.11ms to complete.
[2016.12.12-16.33.44:179][  0]LogFileHelpers: Loading map 'Main' took 0.092
[2016.12.12-16.33.44:413][  0]LogCollectionManager: Loaded 0 collections in 0.001154 seconds
[2016.12.12-16.33.44:500][  0]LogFileCache: Scanning file cache for directory 'D:/Game Project 17/first-semester-group-17/Unreal Project Boredom Warrior/Boredom_Warrior/Saved/Collections/' took 0.01s
[2016.12.12-16.33.44:500][  0]LogFileCache: Scanning file cache for directory 'D:/Game Project 17/first-semester-group-17/Unreal Project Boredom Warrior/Boredom_Warrior/Content/Developers/iAxX/Collections/' took 0.01s
[2016.12.12-16.33.44:500][  0]LogFileCache: Scanning file cache for directory 'D:/Game Project 17/first-semester-group-17/Unreal Project Boredom Warrior/Boredom_Warrior/Content/Collections/' took 0.01s
[2016.12.12-16.33.44:500][  0]LogCollectionManager: Rebuilt the GUID cache for 0 collections in 0.000003 seconds
[2016.12.12-16.33.44:515][  0]LogContentBrowser: Native class hierarchy populated in 0.0106 seconds. Added 2141 classes and 415 folders.
[2016.12.12-16.33.44:530][  0]LogStats: UGameplayTagsManager::ConstructGameplayTagTree: Construct from data asset -  0.000 s
[2016.12.12-16.33.44:530][  0]LogStats: UGameplayTagsManager::ConstructGameplayTagTree: GameplayTagTreeChangedEvent.Broadcast -  0.000 s
[2016.12.12-16.33.44:531][  0]LogContentBrowser: Native class hierarchy updated for 'GameplayTags' in 0.0005 seconds. Added 12 classes and 0 folders.
[2016.12.12-16.33.44:538][  0]LogContentBrowser: Native class hierarchy updated for 'WidgetCarousel' in 0.0004 seconds. Added 0 classes and 0 folders.
[2016.12.12-16.33.44:903][  0]LogContentBrowser: Native class hierarchy updated for 'AddContentDialog' in 0.0004 seconds. Added 0 classes and 0 folders.
[2016.12.12-16.33.44:917][  0]LogContentBrowser: Native class hierarchy updated for 'SceneOutliner' in 0.0005 seconds. Added 1 classes and 2 folders.
[2016.12.12-16.33.45:004][  0]LogCrashTracker: Crashtracker disabled due to settings.
[2016.12.12-16.33.45:033][  0]LogUObjectGlobals:Warning: Failed to find object 'Class None.'
[2016.12.12-16.33.45:063][  0]LogContentBrowser: Native class hierarchy updated for 'HierarchicalLODOutliner' in 0.0005 seconds. Added 1 classes and 2 folders.
[2016.12.12-16.33.45:063][  0]LogLoad: (Engine Initialization) Total time: 8.11 seconds
[2016.12.12-16.33.45:063][  0]LogLoad: (Engine Initialization) Total Blueprint compile time: 0.01 seconds
[2016.12.12-16.33.45:063][  0]LogExternalProfiler: Found external profiler: VSPerf
[2016.12.12-16.33.45:063][  0]LogExternalProfiler: Using external profiler: VSPerf
[2016.12.12-16.33.45:072][  0]LogWindowsTextInputMethodSystem:Display: IME system now deactivated.
[2016.12.12-16.33.45:072][  0]LogOcInput: OculusInput pre-init called
[2016.12.12-16.33.45:104][  0]LogContentStreaming: Texture pool size now 1000 MB
[2016.12.12-16.33.45:326][  1]LogAssetRegistry: Asset discovery search completed in 3.4887 seconds
[2016.12.12-16.33.45:326][  1]LogCollectionManager: Rebuilt the object cache for 0 collections in 0.000001 seconds (found 0 objects)
[2016.12.12-16.33.45:326][  1]LogCollectionManager: Fixed up redirectors for 0 collections in 0.000031 seconds (updated 0 objects)
[2016.12.12-16.33.45:339][  2]LogRenderer: Reallocating scene render targets to support 872x432 (Frame:2).
[2016.12.12-16.34.01:139][834]LogAIModule: Creating AISystem for world Base
[2016.12.12-16.34.01:179][834]Cmd: MAP LOAD FILE="D:/Game Project 17/first-semester-group-17/Unreal Project Boredom Warrior/Boredom_Warrior/Content/Map/Base.umap" TEMPLATE=0 SHOWPROGRESS=1 FEATURELEVEL=3
[2016.12.12-16.34.01:179][834]LightingResults: New page: Lighting Build
[2016.12.12-16.34.01:180][834]LoadErrors: New page: Loading map: Base.umap
[2016.12.12-16.34.01:180][834]MapCheck: New page: Map Check
[2016.12.12-16.34.01:180][834]LightingResults: New page: Lighting Build
[2016.12.12-16.34.01:210][834]LogEditorServer: Finished looking for orphan Actors (0.000 secs)
[2016.12.12-16.34.01:232][834]Cmd: MAP CHECKDEP NOCLEARLOG
[2016.12.12-16.34.01:275][834]MapCheck: Info Map check complete: 0 Error(s), 0 Warning(s), took 43.144ms to complete.
[2016.12.12-16.34.01:275][834]LogFileHelpers: Loading map 'Base' took 0.098
[2016.12.12-16.39.01:458][407]LogPlayLevel: PlayLevel: No blueprints needed recompiling
[2016.12.12-16.39.01:461][407]PIE: New page: SIE session: Base (12 Dec 2016 16:39:01)
[2016.12.12-16.39.01:461][407]LogPlayLevel: Creating play world package: /Game/Map/UEDPIE_0_Base
[2016.12.12-16.39.01:465][407]LogPlayLevel: PIE: StaticDuplicateObject took: (0.003368s)
[2016.12.12-16.39.01:465][407]LogAIModule: Creating AISystem for world Base
[2016.12.12-16.39.01:466][407]LogPlayLevel: PIE: World Init took: (0.001434s)
[2016.12.12-16.39.01:467][407]LogPlayLevel: PIE: Created PIE world by copying editor world from /Game/Map/Base.Base to /Game/Map/UEDPIE_0_Base.Base (0.005762s)
[2016.12.12-16.39.01:490][407]LogInit: XAudio2 using 'Speakers (2- ASUS Xonar DS Audio Device)' : 2 channels at 48 kHz using 24 bits per sample (channel mask 0x3)
[2016.12.12-16.39.01:495][407]LogInit: FAudioDevice initialized.
[2016.12.12-16.39.02:060][407]LogWorld: Game class is 'GameController_C'
[2016.12.12-16.39.02:076][407]LogWorld: Bringing World /Game/Map/UEDPIE_0_Base.Base up for play (max tick rate 0) at 2016.12.12-16.39.02
[2016.12.12-16.39.02:084][407]LogWorld: Bringing up level for play took: 0.012381
[2016.12.12-16.39.02:109][407]LogContentBrowser: Native class hierarchy updated for 'MovieSceneCapture' in 0.0005 seconds. Added 11 classes and 0 folders.
[2016.12.12-16.39.02:109][407]LogGameMode:Display: Match State Changed from EnteringMap to WaitingToStart
[2016.12.12-16.39.02:113][407]LogGameState: Match State Changed from EnteringMap to WaitingToStart
[2016.12.12-16.39.02:115][407]PIE: Info Play in editor start time for /Game/Map/UEDPIE_0_Base -0.321
[2016.12.12-16.39.02:905][484]LogGameMode: GameMode returned ReadyToStartMatch
[2016.12.12-16.39.02:905][484]LogGameMode:Display: Match State Changed from WaitingToStart to InProgress
[2016.12.12-16.39.02:905][484]LogGameState: Match State Changed from WaitingToStart to InProgress
[2016.12.12-16.39.03:486][536]LogRenderer: Reallocating scene render targets to support 1208x600 (Frame:2605).
[2016.12.12-16.39.05:439][766]LogBlueprintUserMessages: [Projectile_BP_C_1] HIT
[2016.12.12-16.39.05:539][778]LogBlueprintUserMessages: [Projectile_BP_C_2] HIT
[2016.12.12-16.39.05:629][789]LogBlueprintUserMessages: [Projectile_BP_C_3] HIT
[2016.12.12-16.39.05:721][800]LogBlueprintUserMessages: [Projectile_BP_C_4] HIT
[2016.12.12-16.39.05:812][811]LogBlueprintUserMessages: [Projectile_BP_C_5] HIT
[2016.12.12-16.39.05:988][832]LogBlueprintUserMessages: [Projectile_BP_C_6] HIT
[2016.12.12-16.39.06:163][853]LogBlueprintUserMessages: [Projectile_BP_C_7] HIT
[2016.12.12-16.39.06:366][877]LogBlueprintUserMessages: [Projectile_BP_C_8] HIT
[2016.12.12-16.39.06:549][899]LogBlueprintUserMessages: [Projectile_BP_C_9] HIT
[2016.12.12-16.39.06:716][919]LogBlueprintUserMessages: [Projectile_BP_C_10] HIT
[2016.12.12-16.39.09:799][287]LogBlueprintUserMessages: [Projectile_BP_C_11] HIT
[2016.12.12-16.39.10:216][337]LogBlueprintUserMessages: [Projectile_BP_C_12] HIT
[2016.12.12-16.54.55:342][ 58]LogEditorViewport: Clicking on Actor (LMB): PaperTileMapActor (spreadsheet_TileMap)
[2016.12.12-22.34.42:282][245]LogEditorViewport: Clicking on Actor (context menu): PaperTileMapActor (spreadsheet_TileMap)
[2016.12.12-22.35.24:598][295]LogLinker:Warning: Can't find file '/Game/Art/Textures/tiles_TileSet'
[2016.12.12-22.35.24:598][295]LogLinker:Warning: Can't find file '/Game/Art/Textures/tiles_TileSet'
[2016.12.12-22.35.24:598][295]LogUObjectGlobals:Warning: Failed to find object 'Object /Game/Art/Textures/tiles_TileSet.tiles_TileSet'
[2016.12.12-22.35.57:234][684]LogLinker:Warning: Can't find file '/Game/Art/Textures/tiles'
[2016.12.12-22.35.57:234][684]LogLinker:Warning: Can't find file '/Game/Art/Textures/tiles'
[2016.12.12-22.35.57:234][684]LogUObjectGlobals:Warning: Failed to find object 'Object /Game/Art/Textures/tiles.tiles'
[2016.12.12-22.35.57:813][752]LogLinker:Warning: Can't find file '/Game/Art/Textures/tiles'
[2016.12.12-22.35.57:813][752]LogUObjectGlobals:Warning: Failed to find object 'Object /Game/Art/Textures/tiles.tiles'
[2016.12.12-22.44.29:633][133]LogContentBrowser: Native class hierarchy updated for 'BlueprintGraph' in 0.0017 seconds. Added 112 classes and 0 folders.
[2016.12.12-22.44.31:784][210]LogRenderer: Reallocating scene render targets to support 1208x644 (Frame:15847).
[2016.12.12-22.44.53:168][601]LogRenderer: Reallocating scene render targets to support 1208x744 (Frame:18635).
[2016.12.12-22.45.21:307][848]LogFileHelpers: Editor autosave (incl. sublevels) for '/Game/Map/Base' took 0.029
[2016.12.12-22.45.21:310][848]OBJ SavePackage: Generating thumbnails for [0] asset(s) in package [/Game/Blueprints/Player] ([1] browsable assets)...
[2016.12.12-22.45.21:310][848]OBJ SavePackage: Finished generating thumbnails for package [/Game/Blueprints/Player]
[2016.12.12-22.45.21:435][848]LogSavePackage: Save=70.68ms
[2016.12.12-22.45.21:435][848]LogSavePackage: Moving 'D:/Game Project 17/first-semester-group-17/Unreal Project Boredom Warrior/Boredom_Warrior/Saved/Player_Auto106A8EBB84D0F8FDA7E59239DE0F342D1.tmp' to 'D:/Game Project 17/first-semester-group-17/Unreal Project Boredom Warrior/Boredom_Warrior/Saved/Autosaves/Game/Blueprints/Player_Auto1.uasset'
[2016.12.12-22.45.21:442][848]LogSavePackage:Display: Finished SavePackage D:/Game Project 17/first-semester-group-17/Unreal Project Boredom Warrior/Boredom_Warrior/Saved/Autosaves/Game/Blueprints/Player_Auto1.uasset
[2016.12.12-22.45.21:442][848]LogFileHelpers: Auto-saving content packages took 0.134
[2016.12.13-12.50.23:636][201]LogHttp:Warning: 00000293240DDF00: request failed, libcurl error: 6 (Couldn't resolve host name)
[2016.12.13-12.50.23:657][201]LogHttp:Warning: 00000293240DDF00: libcurl info message cache 1 (Connection 140 seems to be dead!)
[2016.12.13-12.50.23:657][201]LogHttp:Warning: 00000293240DDF00: libcurl info message cache 2 (Closing connection 140)
[2016.12.13-12.50.23:657][201]LogHttp:Warning: 00000293240DDF00: libcurl info message cache 3 (schannel: shutting down SSL/TLS connection with datarouter.ol.epicgames.com port 443)
[2016.12.13-12.50.23:657][201]LogHttp:Warning: 00000293240DDF00: libcurl info message cache 4 (Send failure: Connection was reset)
[2016.12.13-12.50.23:657][201]LogHttp:Warning: 00000293240DDF00: libcurl info message cache 5 (schannel: failed to send close msg: Failed sending data to the peer (bytes written: -1))
[2016.12.13-12.50.23:657][201]LogHttp:Warning: 00000293240DDF00: libcurl info message cache 6 (schannel: clear security context handle)
[2016.12.13-12.50.23:657][201]LogHttp:Warning: 00000293240DDF00: libcurl info message cache 7 (schannel: decremented credential handle refcount = 0)
[2016.12.13-12.50.23:657][201]LogHttp:Warning: 00000293240DDF00: libcurl info message cache 8 (Could not resolve host: datarouter.ol.epicgames.com)
[2016.12.13-12.50.23:657][201]LogHttp:Warning: 00000293240DDF00: libcurl info message cache 9 (Closing connection 141)
[2016.12.13-13.53.00:789][686]BlueprintLog: New page: Pre-Play auto-recompile
[2016.12.13-13.53.00:790][686]LogPlayLevel: [PlayLevel] Compiling Player before play...
[2016.12.13-13.53.01:092][686]LogPlayLevel: PlayLevel: Blueprint regeneration took 304 ms (1 blueprints)
[2016.12.13-13.53.01:094][686]PIE: New page: SIE session: Base (13 Dec 2016 13:53:01)
[2016.12.13-13.53.01:095][686]LogPlayLevel: Creating play world package: /Game/Map/UEDPIE_0_Base
[2016.12.13-13.53.01:147][686]LogPlayLevel: PIE: StaticDuplicateObject took: (0.052171s)
[2016.12.13-13.53.01:154][686]LogAIModule: Creating AISystem for world Base
[2016.12.13-13.53.01:155][686]LogPlayLevel: PIE: World Init took: (0.007720s)
[2016.12.13-13.53.01:156][686]LogPlayLevel: PIE: Created PIE world by copying editor world from /Game/Map/Base.Base to /Game/Map/UEDPIE_0_Base.Base (0.060950s)
[2016.12.13-13.53.01:200][686]LogInit: XAudio2 using 'Speakers (2- ASUS Xonar DS Audio Device)' : 2 channels at 48 kHz using 24 bits per sample (channel mask 0x3)
[2016.12.13-13.53.01:208][686]LogInit: FAudioDevice initialized.
[2016.12.13-13.53.01:281][686]LogWorld: Game class is 'GameController_C'
[2016.12.13-13.53.01:292][686]LogWorld: Bringing World /Game/Map/UEDPIE_0_Base.Base up for play (max tick rate 0) at 2016.12.13-13.53.01
[2016.12.13-13.53.01:295][686]LogWorld: Bringing up level for play took: 0.010683
[2016.12.13-13.53.01:297][686]LogGameMode:Display: Match State Changed from EnteringMap to WaitingToStart
[2016.12.13-13.53.01:300][686]LogGameState: Match State Changed from EnteringMap to WaitingToStart
[2016.12.13-13.53.01:300][686]PIE: Info Play in editor start time for /Game/Map/UEDPIE_0_Base 0.187
[2016.12.13-13.53.02:395][746]LogGameMode: GameMode returned ReadyToStartMatch
[2016.12.13-13.53.02:395][746]LogGameMode:Display: Match State Changed from WaitingToStart to InProgress
[2016.12.13-13.53.02:395][746]LogGameState: Match State Changed from WaitingToStart to InProgress
[2016.12.13-13.53.28:642][866]LogFileHelpers: Editor autosave (incl. sublevels) for '/Game/Map/Base' took 0.018
[2016.12.13-13.53.28:672][866]OBJ SavePackage: Generating thumbnails for [0] asset(s) in package [/Game/Blueprints/Player] ([1] browsable assets)...
[2016.12.13-13.53.28:672][866]OBJ SavePackage: Finished generating thumbnails for package [/Game/Blueprints/Player]
[2016.12.13-13.53.28:922][866]LogSavePackage: Save=64.09ms
[2016.12.13-13.53.28:922][866]LogSavePackage: Moving 'D:/Game Project 17/first-semester-group-17/Unreal Project Boredom Warrior/Boredom_Warrior/Saved/Player_Auto22F42342645EA7C100FB75A9D9E98554F.tmp' to 'D:/Game Project 17/first-semester-group-17/Unreal Project Boredom Warrior/Boredom_Warrior/Saved/Autosaves/Game/Blueprints/Player_Auto2.uasset'
[2016.12.13-13.53.28:937][866]LogSavePackage:Display: Finished SavePackage D:/Game Project 17/first-semester-group-17/Unreal Project Boredom Warrior/Boredom_Warrior/Saved/Autosaves/Game/Blueprints/Player_Auto2.uasset
[2016.12.13-13.53.28:937][866]LogFileHelpers: Auto-saving content packages took 0.293
[2016.12.13-13.54.30:159][101]Cmd: OBJ SAVEPACKAGE PACKAGE="/Game/Blueprints/Player" FILE="D:/Game Project 17/first-semester-group-17/Unreal Project Boredom Warrior/Boredom_Warrior/Content/Blueprints/Player.uasset" SILENT=true
[2016.12.13-13.54.30:221][101]LogSavePackage: Save=57.34ms
[2016.12.13-13.54.30:221][101]LogSavePackage: Moving 'D:/Game Project 17/first-semester-group-17/Unreal Project Boredom Warrior/Boredom_Warrior/Saved/PlayerDB65BAA54CF401FAB80252A1659D6AAD.tmp' to 'D:/Game Project 17/first-semester-group-17/Unreal Project Boredom Warrior/Boredom_Warrior/Content/Blueprints/Player.uasset'
[2016.12.13-13.54.30:236][101]LogSavePackage:Display: Finished SavePackage D:/Game Project 17/first-semester-group-17/Unreal Project Boredom Warrior/Boredom_Warrior/Content/Blueprints/Player.uasset
[2016.12.13-13.54.30:435][101]LogWindowsTextInputMethodSystem:Display: IME system now deactivated.
[2016.12.13-13.54.30:656][102]Cmd: QUIT_EDITOR
[2016.12.13-13.54.30:750][102]LogExit: Preparing to exit.
[2016.12.13-13.54.31:507][102]LogExit: Editor shut down
[2016.12.13-13.54.31:510][102]LogExit: Transaction tracking system shut down
[2016.12.13-13.54.31:746][102]LogObj: Freed 0b from 0 cluster array pools.
[2016.12.13-13.54.31:747][102]LogExit: Object subsystem successfully closed.
[2016.12.13-13.54.31:768][102]LogD3D11RHI: Shutdown
[2016.12.13-13.54.31:768][102]LogD3D11RHI: CleanupD3DDevice
[2016.12.13-13.54.31:883][102]LogD3D11RHI: ~FD3D11DynamicRHI
[2016.12.13-13.54.31:904][102]LogModuleManager: Shutting down and abandoning module BlueprintGraph (236)
[2016.12.13-13.54.31:904][102]LogModuleManager: Shutting down and abandoning module BlueprintProfiler (235)
[2016.12.13-13.54.31:904][102]LogModuleManager: Shutting down and abandoning module MovieSceneCapture (234)
[2016.12.13-13.54.31:904][102]LogModuleManager: Shutting down and abandoning module HierarchicalLODOutliner (233)
[2016.12.13-13.54.31:904][102]LogModuleManager: Shutting down and abandoning module CrashTracker (232)
[2016.12.13-13.54.31:904][102]LogModuleManager: Shutting down and abandoning module SceneOutliner (231)
[2016.12.13-13.54.31:904][102]LogModuleManager: Shutting down and abandoning module WidgetCarousel (230)
[2016.12.13-13.54.31:904][102]LogModuleManager: Shutting down and abandoning module AddContentDialog (229)
[2016.12.13-13.54.31:904][102]LogDirectoryWatcher: A directory notification for 'C:/Program Files (x86)/Epic Games/4.13/FeaturePacks/' was aborted.
[2016.12.13-13.54.31:910][102]LogModuleManager: Shutting down and abandoning module GameplayTags (228)
[2016.12.13-13.54.31:910][102]LogModuleManager: Shutting down and abandoning module EditorWidgets (227)
[2016.12.13-13.54.31:910][102]LogModuleManager: Shutting down and abandoning module CollectionManager (226)
[2016.12.13-13.54.31:910][102]LogDirectoryWatcher: A directory notification for 'D:/Game Project 17/first-semester-group-17/Unreal Project Boredom Warrior/Boredom_Warrior/Content/Collections/' was aborted.
[2016.12.13-13.54.31:910][102]LogDirectoryWatcher: A directory notification for 'D:/Game Project 17/first-semester-group-17/Unreal Project Boredom Warrior/Boredom_Warrior/Content/Developers/iAxX/Collections/' was aborted.
[2016.12.13-13.54.31:910][102]LogDirectoryWatcher: A directory notification for 'D:/Game Project 17/first-semester-group-17/Unreal Project Boredom Warrior/Boredom_Warrior/Saved/Collections/' was aborted.
[2016.12.13-13.54.31:910][102]LogModuleManager: Shutting down and abandoning module StatsViewer (225)
[2016.12.13-13.54.31:910][102]LogModuleManager: Shutting down and abandoning module FoliageEdit (224)
[2016.12.13-13.54.31:910][102]LogModuleManager: Shutting down and abandoning module LandscapeEditor (223)
[2016.12.13-13.54.31:911][102]LogModuleManager: Shutting down and abandoning module SceneDepthPickerMode (222)
[2016.12.13-13.54.31:911][102]LogModuleManager: Shutting down and abandoning module ActorPickerMode (221)
[2016.12.13-13.54.31:911][102]LogModuleManager: Shutting down and abandoning module GeometryMode (220)
[2016.12.13-13.54.31:911][102]LogModuleManager: Shutting down and abandoning module TextureAlignMode (219)
[2016.12.13-13.54.31:911][102]LogModuleManager: Shutting down and abandoning module BspMode (218)
[2016.12.13-13.54.31:911][102]LogModuleManager: Shutting down and abandoning module HardwareSurvey (217)
[2016.12.13-13.54.31:911][102]LogModuleManager: Shutting down and abandoning module SequenceRecorderSections (216)
[2016.12.13-13.54.31:911][102]LogModuleManager: Shutting down and abandoning module SequenceRecorder (215)
[2016.12.13-13.54.31:911][102]LogModuleManager: Shutting down and abandoning module AutomationWorker (214)
[2016.12.13-13.54.31:911][102]LogModuleManager: Shutting down and abandoning module MatineeToLevelSequence (213)
[2016.12.13-13.54.31:911][102]LogModuleManager: Shutting down and abandoning module PlacementMode (212)
[2016.12.13-13.54.31:911][102]LogModuleManager: Shutting down and abandoning module LevelSequenceEditor (211)
[2016.12.13-13.54.31:911][102]LogModuleManager: Shutting down and abandoning module WmfMediaFactory (210)
[2016.12.13-13.54.31:911][102]LogModuleManager: Shutting down and abandoning module WmfMediaEditor (209)
[2016.12.13-13.54.31:911][102]LogModuleManager: Shutting down and abandoning module AvfMediaFactory (208)
[2016.12.13-13.54.31:911][102]LogModuleManager: Shutting down and abandoning module AvfMediaEditor (207)
[2016.12.13-13.54.31:911][102]LogModuleManager: Shutting down and abandoning module Media (206)
[2016.12.13-13.54.31:911][102]LogModuleManager: Shutting down and abandoning module AndroidMediaFactory (205)
[2016.12.13-13.54.31:911][102]LogModuleManager: Shutting down and abandoning module AndroidMediaEditor (204)
[2016.12.13-13.54.31:911][102]LogModuleManager: Shutting down and abandoning module CharacterAI (203)
[2016.12.13-13.54.31:911][102]LogModuleManager: Shutting down and abandoning module SmartSnapping (202)
[2016.12.13-13.54.31:911][102]LogModuleManager: Shutting down and abandoning module SessionServices (201)
[2016.12.13-13.54.31:911][102]LogModuleManager: Shutting down and abandoning module ViewportSnapping (200)
[2016.12.13-13.54.31:911][102]LogModuleManager: Shutting down and abandoning module ViewportInteraction (199)
[2016.12.13-13.54.31:911][102]LogModuleManager: Shutting down and abandoning module LogVisualizer (198)
[2016.12.13-13.54.31:912][102]LogModuleManager: Shutting down and abandoning module GameProjectGeneration (197)
[2016.12.13-13.54.31:912][102]LogModuleManager: Shutting down and abandoning module IntroTutorials (196)
[2016.12.13-13.54.31:912][102]LogModuleManager: Shutting down and abandoning module EditorLiveStreaming (195)
[2016.12.13-13.54.31:912][102]LogModuleManager: Shutting down and abandoning module IOSPlatformEditor (194)
[2016.12.13-13.54.31:912][102]LogModuleManager: Shutting down and abandoning module HTML5PlatformEditor (193)
[2016.12.13-13.54.31:912][102]LogModuleManager: Shutting down and abandoning module AndroidDeviceDetection (192)
[2016.12.13-13.54.32:332][102]LogModuleManager: Shutting down and abandoning module AndroidPlatformEditor (191)
[2016.12.13-13.54.32:332][102]LogModuleManager: Shutting down and abandoning module IOSRuntimeSettings (190)
[2016.12.13-13.54.32:332][102]LogModuleManager: Shutting down and abandoning module AndroidRuntimeSettings (189)
[2016.12.13-13.54.32:332][102]LogModuleManager: Shutting down and abandoning module NiagaraEditor (188)
[2016.12.13-13.54.32:332][102]LogModuleManager: Shutting down and abandoning module MergeActors (187)
[2016.12.13-13.54.32:332][102]LogModuleManager: Shutting down and abandoning module SizeMap (186)
[2016.12.13-13.54.32:333][102]LogModuleManager: Shutting down and abandoning module TreeMap (185)
[2016.12.13-13.54.32:333][102]LogModuleManager: Shutting down and abandoning module ReferenceViewer (184)
[2016.12.13-13.54.32:333][102]LogModuleManager: Shutting down and abandoning module LocalizationService (183)
[2016.12.13-13.54.32:333][102]LogModuleManager: Shutting down and abandoning module LocalizationDashboard (182)
[2016.12.13-13.54.32:333][102]LogModuleManager: Shutting down and abandoning module HardwareTargeting (181)
[2016.12.13-13.54.32:333][102]LogModuleManager: Shutting down and abandoning module DeviceProfileEditor (180)
[2016.12.13-13.54.32:333][102]LogModuleManager: Shutting down and abandoning module UndoHistory (179)
[2016.12.13-13.54.32:333][102]LogModuleManager: Shutting down and abandoning module UserFeedback (178)
[2016.12.13-13.54.32:333][102]LogModuleManager: Shutting down and abandoning module XmlParser (177)
[2016.12.13-13.54.32:333][102]LogModuleManager: Shutting down and abandoning module Blutility (176)
[2016.12.13-13.54.32:333][102]LogModuleManager: Shutting down and abandoning module ProjectTargetPlatformEditor (175)
[2016.12.13-13.54.32:333][102]LogModuleManager: Shutting down and abandoning module ProjectSettingsViewer (174)
[2016.12.13-13.54.32:333][102]LogModuleManager: Shutting down and abandoning module InputBindingEditor (173)
[2016.12.13-13.54.32:334][102]LogModuleManager: Shutting down and abandoning module EditorSettingsViewer (172)
[2016.12.13-13.54.32:334][102]LogModuleManager: Shutting down and abandoning module SettingsEditor (171)
[2016.12.13-13.54.32:334][102]LogModuleManager: Shutting down and abandoning module ProjectLauncher (170)
[2016.12.13-13.54.32:334][102]LogModuleManager: Shutting down and abandoning module SessionFrontend (169)
[2016.12.13-13.54.32:334][102]LogModuleManager: Shutting down and abandoning module ProfilerClient (168)
[2016.12.13-13.54.32:334][102]LogModuleManager: Shutting down and abandoning module TargetDeviceServices (167)
[2016.12.13-13.54.32:334][102]LogModuleManager: Shutting down and abandoning module DeviceManager (166)
[2016.12.13-13.54.32:387][102]LogModuleManager: Shutting down and abandoning module AutomationController (165)
[2016.12.13-13.54.32:387][102]LogModuleManager: Shutting down and abandoning module AutomationWindow (164)
[2016.12.13-13.54.32:387][102]LogModuleManager: Shutting down and abandoning module Layers (163)
[2016.12.13-13.54.32:387][102]LogModuleManager: Shutting down and abandoning module ComponentVisualizers (162)
[2016.12.13-13.54.32:387][102]LogModuleManager: Shutting down and abandoning module DetailCustomizations (161)
[2016.12.13-13.54.32:387][102]LogModuleManager: Shutting down and abandoning module PackagesDialog (160)
[2016.12.13-13.54.32:387][102]LogModuleManager: Shutting down and abandoning module AnimGraph (159)
[2016.12.13-13.54.32:387][102]LogModuleManager: Shutting down and abandoning module Persona (158)
[2016.12.13-13.54.32:387][102]LogModuleManager: Shutting down and abandoning module Kismet (157)
[2016.12.13-13.54.32:395][102]LogModuleManager: Shutting down and abandoning module GraphEditor (156)
[2016.12.13-13.54.32:395][102]LogModuleManager: Shutting down and abandoning module ClassViewer (155)
[2016.12.13-13.54.32:395][102]LogModuleManager: Shutting down and abandoning module Toolbox (154)
[2016.12.13-13.54.32:395][102]LogModuleManager: Shutting down and abandoning module ModuleUI (153)
[2016.12.13-13.54.32:395][102]LogModuleManager: Shutting down and abandoning module MovieSceneTools (152)
[2016.12.13-13.54.32:395][102]LogModuleManager: Shutting down and abandoning module OutputLog (151)
[2016.12.13-13.54.32:395][102]LogModuleManager: Shutting down and abandoning module GammaUI (150)
[2016.12.13-13.54.32:395][102]LogModuleManager: Shutting down and abandoning module Documentation (149)
[2016.12.13-13.54.32:395][102]LogModuleManager: Shutting down and abandoning module Niagara (148)
[2016.12.13-13.54.32:395][102]LogModuleManager: Shutting down and abandoning module StreamingPauseRendering (147)
[2016.12.13-13.54.32:395][102]LogModuleManager: Shutting down and abandoning module AnalyticsET (146)
[2016.12.13-13.54.32:395][102]LogModuleManager: Shutting down and abandoning module PortalServices (145)
[2016.12.13-13.54.32:395][102]LogModuleManager: Shutting down and abandoning module PortalRpc (144)
[2016.12.13-13.54.32:395][102]LogModuleManager: Shutting down and abandoning module MessagingRpc (143)
[2016.12.13-13.54.32:395][102]LogModuleManager: Shutting down and abandoning module GameplayDebugger (142)
[2016.12.13-13.54.32:395][102]LogModuleManager: Shutting down and abandoning module AITestSuite (141)
[2016.12.13-13.54.32:395][102]LogModuleManager: Shutting down and abandoning module AIModule (140)
[2016.12.13-13.54.32:395][102]LogModuleManager: Shutting down and abandoning module ProfilerService (139)
[2016.12.13-13.54.32:579][102]LogModuleManager: Shutting down and abandoning module TaskGraph (138)
[2016.12.13-13.54.32:579][102]LogModuleManager: Shutting down and abandoning module SlateRemote (137)
[2016.12.13-13.54.32:579][102]LogModuleManager: Shutting down and abandoning module SteamVRController (136)
[2016.12.13-13.54.32:579][102]LogModuleManager: Shutting down and abandoning module SteamVR (135)
[2016.12.13-13.54.32:579][102]LogModuleManager: Shutting down and abandoning module ProceduralMeshComponentEditor (134)
[2016.12.13-13.54.32:579][102]LogModuleManager: Shutting down and abandoning module ProceduralMeshComponent (133)
[2016.12.13-13.54.32:579][102]LogModuleManager: Shutting down and abandoning module OculusLibrary (132)
[2016.12.13-13.54.32:579][102]LogModuleManager: Shutting down and abandoning module OculusInput (131)
[2016.12.13-13.54.32:579][102]LogModuleManager: Shutting down and abandoning module CustomMeshComponent (130)
[2016.12.13-13.54.32:579][102]LogModuleManager: Shutting down and abandoning module CableComponent (129)
[2016.12.13-13.54.32:579][102]LogModuleManager: Shutting down and abandoning module ArchVisCharacter (128)
[2016.12.13-13.54.32:579][102]LogModuleManager: Shutting down and abandoning module MediaPlayerEditor (126)
[2016.12.13-13.54.32:579][102]LogModuleManager: Shutting down and abandoning module HTML5Networking (125)
[2016.12.13-13.54.32:579][102]LogModuleManager: Shutting down and abandoning module GeometryCacheEd (124)
[2016.12.13-13.54.32:579][102]LogModuleManager: Shutting down and abandoning module GeometryCache (123)
[2016.12.13-13.54.32:579][102]LogModuleManager: Shutting down and abandoning module AlembicLibrary (122)
[2016.12.13-13.54.32:579][102]LogModuleManager: Shutting down and abandoning module AlembicImporter (121)
[2016.12.13-13.54.32:579][102]LogModuleManager: Shutting down and abandoning module SuperSearch (120)
[2016.12.13-13.54.32:579][102]LogModuleManager: Shutting down and abandoning module SuperSearchEditor (119)
[2016.12.13-13.54.32:579][102]LogModuleManager: Shutting down and abandoning module SpeedTreeImporter (118)
[2016.12.13-13.54.32:579][102]LogModuleManager: Shutting down and abandoning module PluginBrowser (117)
[2016.12.13-13.54.32:579][102]LogModuleManager: Shutting down and abandoning module MobileLauncherProfileWizard (116)
[2016.12.13-13.54.32:579][102]LogModuleManager: Shutting down and abandoning module EpicSurvey (115)
[2016.12.13-13.54.32:579][102]LogModuleManager: Shutting down and abandoning module DesktopPlatform (114)
[2016.12.13-13.54.32:579][102]LogModuleManager: Shutting down and abandoning module VisualStudioSourceCodeAccess (113)
[2016.12.13-13.54.32:579][102]LogModuleManager: Shutting down and abandoning module UObjectPlugin (112)
[2016.12.13-13.54.32:579][102]LogModuleManager: Shutting down and abandoning module SubversionSourceControl (111)
[2016.12.13-13.54.32:579][102]LogModuleManager: Shutting down and abandoning module PerforceSourceControl (110)
[2016.12.13-13.54.32:579][102]LogModuleManager: Shutting down and abandoning module SourceControl (109)
[2016.12.13-13.54.32:579][102]LogModuleManager: Shutting down and abandoning module GitSourceControl (108)
[2016.12.13-13.54.32:579][102]LogModuleManager: Shutting down and abandoning module LightPropagationVolumeEditor (107)
[2016.12.13-13.54.32:579][102]LogModuleManager: Shutting down and abandoning module PaperTiledImporter (106)
[2016.12.13-13.54.32:579][102]LogModuleManager: Shutting down and abandoning module PaperSpriteSheetImporter (105)
[2016.12.13-13.54.32:579][102]LogModuleManager: Shutting down and abandoning module MeshPaint (104)
[2016.12.13-13.54.32:579][102]LogModuleManager: Shutting down and abandoning module FbxAutomationBuilderModule (103)
[2016.12.13-13.54.32:579][102]LogModuleManager: Shutting down and abandoning module PixelInspectorModule (102)
[2016.12.13-13.54.32:580][102]LogModuleManager: Shutting down and abandoning module HotReload (101)
[2016.12.13-13.54.32:580][102]LogModuleManager: Shutting down and abandoning module MainFrame (100)
[2016.12.13-13.54.32:580][102]LogModuleManager: Shutting down and abandoning module LevelEditor (99)
[2016.12.13-13.54.32:581][102]LogModuleManager: Shutting down and abandoning module ContentBrowser (98)
[2016.12.13-13.54.32:583][102]LogModuleManager: Shutting down and abandoning module Paper2DEditor (97)
[2016.12.13-13.54.32:583][102]LogModuleManager: Shutting down and abandoning module UdpMessaging (96)
[2016.12.13-13.54.32:684][102]LogModuleManager: Shutting down and abandoning module TcpMessaging (95)
[2016.12.13-13.54.32:684][102]LogModuleManager: Shutting down and abandoning module LightPropagationVolumeRuntime (94)
[2016.12.13-13.54.32:684][102]LogModuleManager: Shutting down and abandoning module Paper2D (93)
[2016.12.13-13.54.32:684][102]LogModuleManager: Shutting down and abandoning module WindowsMoviePlayer (92)
[2016.12.13-13.54.32:684][102]LogModuleManager: Shutting down and abandoning module WmfMedia (91)
[2016.12.13-13.54.32:685][102]LogModuleManager: Shutting down and abandoning module MediaAssets (90)
[2016.12.13-13.54.32:685][102]LogModuleManager: Shutting down and abandoning module GameLiveStreaming (89)
[2016.12.13-13.54.32:685][102]LogModuleManager: Shutting down and abandoning module GameplayTagsEditor (88)
[2016.12.13-13.54.32:685][102]LogModuleManager: Shutting down and abandoning module VREditor (87)
[2016.12.13-13.54.32:685][102]LogModuleManager: Shutting down and abandoning module GameplayTasksEditor (86)
[2016.12.13-13.54.32:685][102]LogModuleManager: Shutting down and abandoning module PropertyEditor (85)
[2016.12.13-13.54.32:685][102]LogModuleManager: Shutting down and abandoning module BehaviorTreeEditor (84)
[2016.12.13-13.54.32:685][102]LogModuleManager: Shutting down and abandoning module FunctionalTesting (83)
[2016.12.13-13.54.32:685][102]LogModuleManager: Shutting down and abandoning module CollisionAnalyzer (82)
[2016.12.13-13.54.32:685][102]LogModuleManager: Shutting down and abandoning module Sequencer (81)
[2016.12.13-13.54.32:685][102]LogModuleManager: Shutting down and abandoning module WorkspaceMenuStructure (80)
[2016.12.13-13.54.32:685][102]LogModuleManager: Shutting down and abandoning module MessageLog (79)
[2016.12.13-13.54.32:685][102]LogModuleManager: Shutting down and abandoning module AssetTools (78)
[2016.12.13-13.54.32:685][102]LogModuleManager: Shutting down and abandoning module UMGEditor (77)
[2016.12.13-13.54.32:685][102]LogModuleManager: Shutting down and abandoning module UMG (76)
[2016.12.13-13.54.32:685][102]LogModuleManager: Shutting down and abandoning module SlateReflector (75)
[2016.12.13-13.54.32:685][102]LogModuleManager: Shutting down and abandoning module Slate (74)
[2016.12.13-13.54.32:685][102]LogModuleManager: Shutting down and abandoning module EditorStyle (73)
[2016.12.13-13.54.32:689][102]LogModuleManager: Shutting down and abandoning module SourceCodeAccess (72)
[2016.12.13-13.54.32:689][102]LogModuleManager: Shutting down and abandoning module HeadMountedDisplay (71)
[2016.12.13-13.54.32:689][102]LogModuleManager: Shutting down and abandoning module XAudio2 (70)
[2016.12.13-13.54.32:689][102]LogModuleManager: Shutting down and abandoning module Networking (68)
[2016.12.13-13.54.32:689][102]LogModuleManager: Shutting down and abandoning module Core (67)
[2016.12.13-13.54.32:689][102]LogModuleManager: Shutting down and abandoning module DirectoryWatcher (66)
[2016.12.13-13.54.32:689][102]LogDirectoryWatcher: A directory notification for '../../../Engine/Content/' was aborted.
[2016.12.13-13.54.32:690][102]LogDirectoryWatcher: A directory notification for 'D:/Game Project 17/first-semester-group-17/Unreal Project Boredom Warrior/Boredom_Warrior/Content/' was aborted.
[2016.12.13-13.54.32:691][102]LogDirectoryWatcher: A directory notification for '../../../Engine/Plugins/2D/Paper2D/Content/' was aborted.
[2016.12.13-13.54.32:694][102]LogModuleManager: Shutting down and abandoning module AssetRegistry (65)
[2016.12.13-13.54.32:863][102]LogModuleManager: Shutting down and abandoning module KismetCompiler (64)
[2016.12.13-13.54.32:863][102]LogModuleManager: Shutting down and abandoning module PhysXFormats (63)
[2016.12.13-13.54.32:863][102]LogModuleManager: Shutting down and abandoning module MeshUtilities (62)
[2016.12.13-13.54.32:863][102]LogModuleManager: Shutting down and abandoning module DerivedDataCache (61)
[2016.12.13-13.54.32:943][102]LogDerivedDataCache: Shutdown
[2016.12.13-13.54.32:943][102]LogModuleManager: Shutting down and abandoning module VulkanShaderFormat (60)
[2016.12.13-13.54.32:943][102]LogModuleManager: Shutting down and abandoning module ShaderFormatOpenGL (59)
[2016.12.13-13.54.32:943][102]LogModuleManager: Shutting down and abandoning module ShaderFormatD3D (58)
[2016.12.13-13.54.32:943][102]LogModuleManager: Shutting down and abandoning module MetalShaderFormat (57)
[2016.12.13-13.54.32:943][102]LogModuleManager: Shutting down and abandoning module TextureFormatUncompressed (56)
[2016.12.13-13.54.32:943][102]LogModuleManager: Shutting down and abandoning module TextureFormatPVR (55)
[2016.12.13-13.54.32:943][102]LogModuleManager: Shutting down and abandoning module TextureFormatDXT (54)
[2016.12.13-13.54.32:943][102]LogModuleManager: Shutting down and abandoning module TextureFormatIntelISPCTexComp (53)
[2016.12.13-13.54.32:944][102]LogModuleManager: Shutting down and abandoning module ImageWrapper (52)
[2016.12.13-13.54.32:944][102]LogModuleManager: Shutting down and abandoning module TextureFormatASTC (51)
[2016.12.13-13.54.32:944][102]LogModuleManager: Shutting down and abandoning module TextureFormatAndroid (50)
[2016.12.13-13.54.32:944][102]LogModuleManager: Shutting down and abandoning module AudioFormatOpus (49)
[2016.12.13-13.54.32:944][102]LogModuleManager: Shutting down and abandoning module AudioFormatOgg (48)
[2016.12.13-13.54.32:944][102]LogModuleManager: Shutting down and abandoning module AudioFormatADPCM (47)
[2016.12.13-13.54.32:944][102]LogModuleManager: Shutting down and abandoning module LinuxTargetPlatform (46)
[2016.12.13-13.54.32:944][102]LogModuleManager: Shutting down and abandoning module LinuxServerTargetPlatform (45)
[2016.12.13-13.54.32:944][102]LogModuleManager: Shutting down and abandoning module LinuxNoEditorTargetPlatform (44)
[2016.12.13-13.54.32:944][102]LogModuleManager: Shutting down and abandoning module LinuxClientTargetPlatform (43)
[2016.12.13-13.54.32:944][102]LogModuleManager: Shutting down and abandoning module TVOSTargetPlatform (42)
[2016.12.13-13.54.32:944][102]LogModuleManager: Shutting down and abandoning module Messaging (41)
[2016.12.13-13.54.32:944][102]LogModuleManager: Shutting down and abandoning module IOSTargetPlatform (40)
[2016.12.13-13.54.32:944][102]LogModuleManager: Shutting down and abandoning module HTML5TargetPlatform (39)
[2016.12.13-13.54.32:944][102]LogModuleManager: Shutting down and abandoning module Android_PVRTCTargetPlatform (38)
[2016.12.13-13.54.32:944][102]LogModuleManager: Shutting down and abandoning module Android_MultiTargetPlatform (37)
[2016.12.13-13.54.32:944][102]LogModuleManager: Shutting down and abandoning module Android_ETC2TargetPlatform (36)
[2016.12.13-13.54.32:944][102]LogModuleManager: Shutting down and abandoning module Android_ETC1TargetPlatform (35)
[2016.12.13-13.54.32:944][102]LogModuleManager: Shutting down and abandoning module Android_DXTTargetPlatform (34)
[2016.12.13-13.54.32:944][102]LogModuleManager: Shutting down and abandoning module Android_ATCTargetPlatform (33)
[2016.12.13-13.54.32:944][102]LogModuleManager: Shutting down and abandoning module Android_ASTCTargetPlatform (32)
[2016.12.13-13.54.32:944][102]LogModuleManager: Shutting down and abandoning module AndroidTargetPlatform (31)
[2016.12.13-13.54.32:944][102]LogModuleManager: Shutting down and abandoning module WindowsTargetPlatform (30)
[2016.12.13-13.54.32:944][102]LogModuleManager: Shutting down and abandoning module WindowsServerTargetPlatform (29)
[2016.12.13-13.54.32:945][102]LogModuleManager: Shutting down and abandoning module WindowsNoEditorTargetPlatform (28)
[2016.12.13-13.54.32:945][102]LogModuleManager: Shutting down and abandoning module WindowsClientTargetPlatform (27)
[2016.12.13-13.54.32:945][102]LogModuleManager: Shutting down and abandoning module AllDesktopTargetPlatform (26)
[2016.12.13-13.54.32:945][102]LogModuleManager: Shutting down and abandoning module TargetPlatform (25)
[2016.12.13-13.54.32:945][102]LogModuleManager: Shutting down and abandoning module InputCore (24)
[2016.12.13-13.54.32:945][102]LogModuleManager: Shutting down and abandoning module Settings (23)
[2016.12.13-13.54.32:945][102]LogModuleManager: Shutting down and abandoning module OculusRift (22)
[2016.12.13-13.54.32:945][102]LogModuleManager: Shutting down and abandoning module GearVR (21)
[2016.12.13-13.54.32:945][102]LogModuleManager: Shutting down and abandoning module ExampleDeviceProfileSelector (20)
[2016.12.13-13.54.32:945][102]LogModuleManager: Shutting down and abandoning module OnlineBlueprintSupport (19)
[2016.12.13-13.54.32:945][102]LogModuleManager: Shutting down and abandoning module OnlineSubsystem (17)
[2016.12.13-13.54.32:945][102]LogOnline:Display: Unloading online subsystem: NULL
[2016.12.13-13.54.32:945][102]LogModuleManager: Shutting down and abandoning module HTTP (16)
[2016.12.13-13.54.32:945][102]LogHttp:Display: Http module shutting down, but needs to wait on 1 outstanding Http requests:
[2016.12.13-13.54.32:945][102]LogHttp:Display: 	verb=[POST] url=[https://datarouter.ol.epicgames.com/datarouter/api/v1/public/data?SessionID=%7B98E55911-44E1-18C4-700B-45BCD5CEAF3C%7D&AppID=UEEditor.Rocket.Release&AppVersion=%2B%2BUE4%2BRelease-4.13-CL-3106830&UserID=cfdc7282430e085144372d8a23bd75ba%7Ccdb9963d0dec4de69397d413595f9546%7Ce8017099-0b36-4cc4-aaf2-0b5f6700787c&AppEnvironment=datacollector-binary&UploadType=eteventstream] status=Processing
[2016.12.13-13.54.32:948][102]LogModuleManager: Shutting down and abandoning module XMPP (15)
[2016.12.13-13.54.32:948][102]LogModuleManager: Shutting down and abandoning module TextureCompressor (14)
[2016.12.13-13.54.32:949][102]LogModuleManager: Shutting down and abandoning module ShaderCore (13)
[2016.12.13-13.54.32:949][102]LogModuleManager: Shutting down and abandoning module Landscape (12)
[2016.12.13-13.54.32:949][102]LogModuleManager: Shutting down and abandoning module SlateRHIRenderer (11)
[2016.12.13-13.54.32:959][102]LogModuleManager: Shutting down and abandoning module OpenGLDrv (10)
[2016.12.13-13.54.32:959][102]LogModuleManager: Shutting down and abandoning module D3D11RHI (9)
[2016.12.13-13.54.32:959][102]LogModuleManager: Shutting down and abandoning module AnimGraphRuntime (8)
[2016.12.13-13.54.32:959][102]LogModuleManager: Shutting down and abandoning module Renderer (7)
[2016.12.13-13.54.32:959][102]LogModuleManager: Shutting down and abandoning module Engine (6)
[2016.12.13-13.54.32:959][102]LogModuleManager: Shutting down and abandoning module CoreUObject (5)
[2016.12.13-13.54.32:959][102]LogModuleManager: Shutting down and abandoning module NetworkFile (4)
[2016.12.13-13.54.32:959][102]LogModuleManager: Shutting down and abandoning module StreamingFile (3)
[2016.12.13-13.54.32:959][102]LogModuleManager: Shutting down and abandoning module SandboxFile (2)
[2016.12.13-13.54.32:959][102]LogModuleManager: Shutting down and abandoning module PakFile (1)
[2016.12.13-13.54.32:962][102]LogExit: Exiting.
[2016.12.13-13.54.32:969][102]Log file closed, 12/13/16 13:54:32
